11:45:36:710  INFO 25492 --- [main] com.hmall.pay.PayApplication             : Starting PayApplication using Java 11.0.25 on LAPTOP-PJMO0GD8 with PID 25492 (E:\docker资料\资料\hmall\pay-service\target\classes started by Lenovo in E:\docker资料\资料\hmall)
11:45:36:715 DEBUG 25492 --- [main] com.hmall.pay.PayApplication             : Running with Spring Boot v2.7.12, Spring v5.3.27
11:45:36:715  INFO 25492 --- [main] com.hmall.pay.PayApplication             : The following 1 profile is active: "local"
11:45:37:457  INFO 25492 --- [main] o.s.cloud.context.scope.GenericScope     : BeanFactory id=fd6eab5c-5966-3f54-8be6-7b3646e57aef
11:45:37:691  INFO 25492 --- [main] o.s.b.w.embedded.tomcat.TomcatWebServer  : Tomcat initialized with port(s): 8086 (http)
11:45:37:698  INFO 25492 --- [main] o.apache.catalina.core.StandardService   : Starting service [Tomcat]
11:45:37:698  INFO 25492 --- [main] org.apache.catalina.core.StandardEngine  : Starting Servlet engine: [Apache Tomcat/9.0.75]
11:45:37:808  INFO 25492 --- [main] o.a.c.c.C.[Tomcat].[localhost].[/]       : Initializing Spring embedded WebApplicationContext
11:45:37:808  INFO 25492 --- [main] w.s.c.ServletWebServerApplicationContext : Root WebApplicationContext: initialization completed in 1054 ms
11:45:37:963  INFO 25492 --- [main] o.s.c.openfeign.FeignClientFactoryBean   : For 'user-service' URL not provided. Will try picking an instance via load-balancing.
11:45:38:024  INFO 25492 --- [main] o.s.c.openfeign.FeignClientFactoryBean   : For 'trade-service' URL not provided. Will try picking an instance via load-balancing.
11:45:39:622  INFO 25492 --- [main] pertySourcedRequestMappingHandlerMapping : Mapped URL path [/v2/api-docs] onto method [springfox.documentation.swagger2.web.Swagger2ControllerWebMvc#getDocumentation(String, HttpServletRequest)]
11:45:40:226  INFO 25492 --- [main] com.alibaba.nacos.common.remote.client   : [RpcClientFactory] create a new rpc client of 0cc74e6c-f542-4d90-8af5-1e55db0664e8
11:45:40:260  INFO 25492 --- [main] org.reflections.Reflections              : Reflections took 13 ms to scan 1 urls, producing 3 keys and 6 values 
11:45:40:273  INFO 25492 --- [main] org.reflections.Reflections              : Reflections took 5 ms to scan 1 urls, producing 4 keys and 9 values 
11:45:40:279  INFO 25492 --- [main] org.reflections.Reflections              : Reflections took 4 ms to scan 1 urls, producing 3 keys and 10 values 
11:45:40:281  WARN 25492 --- [main] org.reflections.Reflections              : given scan urls are empty. set urls in the configuration
11:45:40:285  INFO 25492 --- [main] org.reflections.Reflections              : Reflections took 4 ms to scan 1 urls, producing 1 keys and 5 values 
11:45:40:289  INFO 25492 --- [main] org.reflections.Reflections              : Reflections took 3 ms to scan 1 urls, producing 1 keys and 7 values 
11:45:40:295  INFO 25492 --- [main] org.reflections.Reflections              : Reflections took 4 ms to scan 1 urls, producing 2 keys and 8 values 
11:45:40:296  WARN 25492 --- [main] org.reflections.Reflections              : given scan urls are empty. set urls in the configuration
11:45:40:297  INFO 25492 --- [main] com.alibaba.nacos.common.remote.client   : [0cc74e6c-f542-4d90-8af5-1e55db0664e8] RpcClient init label, labels = {module=naming, source=sdk}
11:45:40:299  INFO 25492 --- [main] com.alibaba.nacos.common.remote.client   : [0cc74e6c-f542-4d90-8af5-1e55db0664e8] RpcClient init, ServerListFactory = com.alibaba.nacos.client.naming.core.ServerListManager
11:45:40:299  INFO 25492 --- [main] com.alibaba.nacos.common.remote.client   : [0cc74e6c-f542-4d90-8af5-1e55db0664e8] Registry connection listener to current client:com.alibaba.nacos.client.naming.remote.gprc.redo.NamingGrpcRedoService
11:45:40:299  INFO 25492 --- [main] com.alibaba.nacos.common.remote.client   : [0cc74e6c-f542-4d90-8af5-1e55db0664e8] Register server push request handler:com.alibaba.nacos.client.naming.remote.gprc.NamingPushRequestHandler
11:45:40:300  INFO 25492 --- [main] com.alibaba.nacos.common.remote.client   : [0cc74e6c-f542-4d90-8af5-1e55db0664e8] Try to connect to server on start up, server: {serverIp = '192.168.63.128', server main port = 8848}
11:45:42:111  INFO 25492 --- [main] com.alibaba.nacos.common.remote.client   : [0cc74e6c-f542-4d90-8af5-1e55db0664e8] Success to connect to server [192.168.63.128:8848] on start up, connectionId = 1737085541098_192.168.63.1_58122
11:45:42:112  INFO 25492 --- [com.alibaba.nacos.client.remote.worker] com.alibaba.nacos.common.remote.client   : [0cc74e6c-f542-4d90-8af5-1e55db0664e8] Notify connected event to listeners.
11:45:42:113  INFO 25492 --- [main] com.alibaba.nacos.common.remote.client   : [0cc74e6c-f542-4d90-8af5-1e55db0664e8] Register server push request handler:com.alibaba.nacos.common.remote.client.RpcClient$ConnectResetRequestHandler
11:45:42:113  INFO 25492 --- [main] com.alibaba.nacos.common.remote.client   : [0cc74e6c-f542-4d90-8af5-1e55db0664e8] Register server push request handler:com.alibaba.nacos.common.remote.client.RpcClient$$Lambda$1065/0x0000000800764040
11:45:42:170  INFO 25492 --- [main] o.s.b.w.embedded.tomcat.TomcatWebServer  : Tomcat started on port(s): 8086 (http) with context path ''
11:45:42:193  INFO 25492 --- [main] c.a.c.n.registry.NacosServiceRegistry    : nacos registry, DEFAULT_GROUP pay-service 192.168.226.1:8086 register finished
11:45:42:657  INFO 25492 --- [nacos-grpc-client-executor-10] com.alibaba.nacos.common.remote.client   : [0cc74e6c-f542-4d90-8af5-1e55db0664e8] Receive server push request, request = NotifySubscriberRequest, requestId = 10
11:45:42:667  INFO 25492 --- [nacos-grpc-client-executor-10] com.alibaba.nacos.common.remote.client   : [0cc74e6c-f542-4d90-8af5-1e55db0664e8] Ack server push request, request = NotifySubscriberRequest, requestId = 10
11:45:42:685  INFO 25492 --- [main] d.s.w.p.DocumentationPluginsBootstrapper : Documentation plugins bootstrapped
11:45:42:688  INFO 25492 --- [main] d.s.w.p.DocumentationPluginsBootstrapper : Found 1 custom documentation plugin(s)
11:45:42:704  INFO 25492 --- [main] s.d.s.w.s.ApiListingReferenceScanner     : Scanning for api listing references
11:45:42:765  INFO 25492 --- [main] com.hmall.pay.PayApplication             : Started PayApplication in 6.998 seconds (JVM running for 7.925)
11:47:33:457  WARN 25492 --- [Thread-7] c.a.n.common.http.HttpClientBeanHolder   : [HttpClientBeanHolder] Start destroying common HttpClient
11:47:33:457  WARN 25492 --- [Thread-4] c.a.nacos.common.notify.NotifyCenter     : [NotifyCenter] Start destroying Publisher
11:47:33:458  WARN 25492 --- [Thread-4] c.a.nacos.common.notify.NotifyCenter     : [NotifyCenter] Destruction of the end
11:47:33:458  WARN 25492 --- [Thread-7] c.a.n.common.http.HttpClientBeanHolder   : [HttpClientBeanHolder] Destruction of the end
11:47:35:778  INFO 25492 --- [SpringApplicationShutdownHook] c.a.c.n.registry.NacosServiceRegistry    : De-registering from Nacos Server now...
11:47:35:782  INFO 25492 --- [SpringApplicationShutdownHook] c.a.c.n.registry.NacosServiceRegistry    : De-registration finished.
11:47:36:110  INFO 25492 --- [SpringApplicationShutdownHook] com.alibaba.nacos.common.remote.client   : Shutdown rpc client, set status to shutdown
11:47:36:110  INFO 25492 --- [SpringApplicationShutdownHook] com.alibaba.nacos.common.remote.client   : Shutdown client event executor java.util.concurrent.ScheduledThreadPoolExecutor@3259c68e[Running, pool size = 2, active threads = 2, queued tasks = 0, completed tasks = 0]
11:47:36:110  INFO 25492 --- [SpringApplicationShutdownHook] com.alibaba.nacos.common.remote.client   : Close current connection 1737085541098_192.168.63.1_58122
11:47:36:112  INFO 25492 --- [nacos-grpc-client-executor-44] c.a.n.c.remote.client.grpc.GrpcClient    : [1737085541098_192.168.63.1_58122]Ignore complete event,isRunning:false,isAbandon=false
11:47:36:113  INFO 25492 --- [SpringApplicationShutdownHook] c.a.n.c.remote.client.grpc.GrpcClient    : Shutdown grpc executor java.util.concurrent.ThreadPoolExecutor@3375ec5e[Running, pool size = 5, active threads = 0, queued tasks = 0, completed tasks = 45]
11:47:39:579  INFO 7448 --- [main] com.hmall.pay.PayApplication             : Starting PayApplication using Java 11.0.25 on LAPTOP-PJMO0GD8 with PID 7448 (E:\docker资料\资料\hmall\pay-service\target\classes started by Lenovo in E:\docker资料\资料\hmall)
11:47:39:581 DEBUG 7448 --- [main] com.hmall.pay.PayApplication             : Running with Spring Boot v2.7.12, Spring v5.3.27
11:47:39:581  INFO 7448 --- [main] com.hmall.pay.PayApplication             : The following 1 profile is active: "local"
11:47:40:170  INFO 7448 --- [main] o.s.cloud.context.scope.GenericScope     : BeanFactory id=fd6eab5c-5966-3f54-8be6-7b3646e57aef
11:47:40:369  INFO 7448 --- [main] o.s.b.w.embedded.tomcat.TomcatWebServer  : Tomcat initialized with port(s): 8086 (http)
11:47:40:374  INFO 7448 --- [main] o.apache.catalina.core.StandardService   : Starting service [Tomcat]
11:47:40:375  INFO 7448 --- [main] org.apache.catalina.core.StandardEngine  : Starting Servlet engine: [Apache Tomcat/9.0.75]
11:47:40:466  INFO 7448 --- [main] o.a.c.c.C.[Tomcat].[localhost].[/]       : Initializing Spring embedded WebApplicationContext
11:47:40:466  INFO 7448 --- [main] w.s.c.ServletWebServerApplicationContext : Root WebApplicationContext: initialization completed in 861 ms
11:47:40:579  INFO 7448 --- [main] o.s.c.openfeign.FeignClientFactoryBean   : For 'user-service' URL not provided. Will try picking an instance via load-balancing.
11:47:40:621  INFO 7448 --- [main] o.s.c.openfeign.FeignClientFactoryBean   : For 'trade-service' URL not provided. Will try picking an instance via load-balancing.
11:47:42:138  INFO 7448 --- [main] pertySourcedRequestMappingHandlerMapping : Mapped URL path [/v2/api-docs] onto method [springfox.documentation.swagger2.web.Swagger2ControllerWebMvc#getDocumentation(String, HttpServletRequest)]
11:47:42:711  INFO 7448 --- [main] com.alibaba.nacos.common.remote.client   : [RpcClientFactory] create a new rpc client of 5af007f5-05f3-4ceb-8633-9dffff83b51a
11:47:42:737  INFO 7448 --- [main] org.reflections.Reflections              : Reflections took 14 ms to scan 1 urls, producing 3 keys and 6 values 
11:47:42:760  INFO 7448 --- [main] org.reflections.Reflections              : Reflections took 14 ms to scan 1 urls, producing 4 keys and 9 values 
11:47:42:765  INFO 7448 --- [main] org.reflections.Reflections              : Reflections took 4 ms to scan 1 urls, producing 3 keys and 10 values 
11:47:42:767  WARN 7448 --- [main] org.reflections.Reflections              : given scan urls are empty. set urls in the configuration
11:47:42:770  INFO 7448 --- [main] org.reflections.Reflections              : Reflections took 3 ms to scan 1 urls, producing 1 keys and 5 values 
11:47:42:775  INFO 7448 --- [main] org.reflections.Reflections              : Reflections took 4 ms to scan 1 urls, producing 1 keys and 7 values 
11:47:42:780  INFO 7448 --- [main] org.reflections.Reflections              : Reflections took 3 ms to scan 1 urls, producing 2 keys and 8 values 
11:47:42:781  WARN 7448 --- [main] org.reflections.Reflections              : given scan urls are empty. set urls in the configuration
11:47:42:782  INFO 7448 --- [main] com.alibaba.nacos.common.remote.client   : [5af007f5-05f3-4ceb-8633-9dffff83b51a] RpcClient init label, labels = {module=naming, source=sdk}
11:47:42:783  INFO 7448 --- [main] com.alibaba.nacos.common.remote.client   : [5af007f5-05f3-4ceb-8633-9dffff83b51a] RpcClient init, ServerListFactory = com.alibaba.nacos.client.naming.core.ServerListManager
11:47:42:783  INFO 7448 --- [main] com.alibaba.nacos.common.remote.client   : [5af007f5-05f3-4ceb-8633-9dffff83b51a] Registry connection listener to current client:com.alibaba.nacos.client.naming.remote.gprc.redo.NamingGrpcRedoService
11:47:42:784  INFO 7448 --- [main] com.alibaba.nacos.common.remote.client   : [5af007f5-05f3-4ceb-8633-9dffff83b51a] Register server push request handler:com.alibaba.nacos.client.naming.remote.gprc.NamingPushRequestHandler
11:47:42:785  INFO 7448 --- [main] com.alibaba.nacos.common.remote.client   : [5af007f5-05f3-4ceb-8633-9dffff83b51a] Try to connect to server on start up, server: {serverIp = '192.168.63.128', server main port = 8848}
11:47:44:340  INFO 7448 --- [main] com.alibaba.nacos.common.remote.client   : [5af007f5-05f3-4ceb-8633-9dffff83b51a] Success to connect to server [192.168.63.128:8848] on start up, connectionId = 1737085663337_192.168.63.1_58452
11:47:44:340  INFO 7448 --- [com.alibaba.nacos.client.remote.worker] com.alibaba.nacos.common.remote.client   : [5af007f5-05f3-4ceb-8633-9dffff83b51a] Notify connected event to listeners.
11:47:44:341  INFO 7448 --- [main] com.alibaba.nacos.common.remote.client   : [5af007f5-05f3-4ceb-8633-9dffff83b51a] Register server push request handler:com.alibaba.nacos.common.remote.client.RpcClient$ConnectResetRequestHandler
11:47:44:342  INFO 7448 --- [main] com.alibaba.nacos.common.remote.client   : [5af007f5-05f3-4ceb-8633-9dffff83b51a] Register server push request handler:com.alibaba.nacos.common.remote.client.RpcClient$$Lambda$1065/0x0000000800764040
11:47:44:387  INFO 7448 --- [main] o.s.b.w.embedded.tomcat.TomcatWebServer  : Tomcat started on port(s): 8086 (http) with context path ''
11:47:44:396  INFO 7448 --- [main] c.a.c.n.registry.NacosServiceRegistry    : nacos registry, DEFAULT_GROUP pay-service 192.168.226.1:8086 register finished
11:47:44:859  INFO 7448 --- [main] d.s.w.p.DocumentationPluginsBootstrapper : Documentation plugins bootstrapped
11:47:44:862  INFO 7448 --- [main] d.s.w.p.DocumentationPluginsBootstrapper : Found 1 custom documentation plugin(s)
11:47:44:878  INFO 7448 --- [main] s.d.s.w.s.ApiListingReferenceScanner     : Scanning for api listing references
11:47:44:922  INFO 7448 --- [nacos-grpc-client-executor-9] com.alibaba.nacos.common.remote.client   : [5af007f5-05f3-4ceb-8633-9dffff83b51a] Receive server push request, request = NotifySubscriberRequest, requestId = 13
11:47:44:933  INFO 7448 --- [nacos-grpc-client-executor-9] com.alibaba.nacos.common.remote.client   : [5af007f5-05f3-4ceb-8633-9dffff83b51a] Ack server push request, request = NotifySubscriberRequest, requestId = 13
11:47:44:941  INFO 7448 --- [main] com.hmall.pay.PayApplication             : Started PayApplication in 6.225 seconds (JVM running for 7.048)
12:08:56:140  INFO 7448 --- [http-nio-8086-exec-1] o.a.c.c.C.[Tomcat].[localhost].[/]       : Initializing Spring DispatcherServlet 'dispatcherServlet'
12:08:56:143  INFO 7448 --- [http-nio-8086-exec-1] o.s.web.servlet.DispatcherServlet        : Initializing Servlet 'dispatcherServlet'
12:08:56:157  INFO 7448 --- [http-nio-8086-exec-1] o.s.web.servlet.DispatcherServlet        : Completed initialization in 14 ms
12:08:56:346  INFO 7448 --- [http-nio-8086-exec-1] com.zaxxer.hikari.HikariDataSource       : HikariPool-1 - Starting...
12:08:56:616  INFO 7448 --- [http-nio-8086-exec-1] com.zaxxer.hikari.HikariDataSource       : HikariPool-1 - Start completed.
12:08:56:626 DEBUG 7448 --- [http-nio-8086-exec-1] c.h.pay.mapper.PayOrderMapper.selectOne  : ==>  Preparing: SELECT id,biz_order_no,pay_order_no,biz_user_id,pay_channel_code,amount,pay_type,status,expand_json,result_code,result_msg,pay_success_time,pay_over_time,qr_code_url,create_time,update_time,creater,updater,is_delete FROM pay_order WHERE (biz_order_no = ?)
12:08:56:651 DEBUG 7448 --- [http-nio-8086-exec-1] c.h.pay.mapper.PayOrderMapper.selectOne  : ==> Parameters: 1880104992368996354(Long)
12:08:56:691 DEBUG 7448 --- [http-nio-8086-exec-1] c.h.pay.mapper.PayOrderMapper.selectOne  : <==      Total: 0
12:08:56:748 DEBUG 7448 --- [http-nio-8086-exec-1] c.h.pay.mapper.PayOrderMapper.insert     : ==>  Preparing: INSERT INTO pay_order ( id, biz_order_no, pay_order_no, biz_user_id, pay_channel_code, amount, pay_type, status, pay_over_time ) VALUES ( ?, ?, ?, ?, ?, ?, ?, ?, ? )
12:08:56:754 DEBUG 7448 --- [http-nio-8086-exec-1] c.h.pay.mapper.PayOrderMapper.insert     : ==> Parameters: 1880104997589422082(Long), 1880104992368996354(Long), 1880104997576839169(Long), 1(Long), balance(String), 733100(Integer), 5(Integer), 1(Integer), 2025-01-17T14:08:56.739323800(LocalDateTime)
12:08:56:757 DEBUG 7448 --- [http-nio-8086-exec-1] c.h.pay.mapper.PayOrderMapper.insert     : <==    Updates: 1
12:09:09:123 DEBUG 7448 --- [http-nio-8086-exec-3] c.h.pay.mapper.PayOrderMapper.selectOne  : ==>  Preparing: SELECT id,biz_order_no,pay_order_no,biz_user_id,pay_channel_code,amount,pay_type,status,expand_json,result_code,result_msg,pay_success_time,pay_over_time,qr_code_url,create_time,update_time,creater,updater,is_delete FROM pay_order WHERE (biz_order_no = ?)
12:09:09:124 DEBUG 7448 --- [http-nio-8086-exec-3] c.h.pay.mapper.PayOrderMapper.selectOne  : ==> Parameters: 1880104992368996354(Long)
12:09:09:130 DEBUG 7448 --- [http-nio-8086-exec-3] c.h.pay.mapper.PayOrderMapper.selectOne  : <==      Total: 1
12:10:34:870 DEBUG 7448 --- [http-nio-8086-exec-4] c.h.p.mapper.PayOrderMapper.selectById   : ==>  Preparing: SELECT id,biz_order_no,pay_order_no,biz_user_id,pay_channel_code,amount,pay_type,status,expand_json,result_code,result_msg,pay_success_time,pay_over_time,qr_code_url,create_time,update_time,creater,updater,is_delete FROM pay_order WHERE id=?
12:10:34:870 DEBUG 7448 --- [http-nio-8086-exec-4] c.h.p.mapper.PayOrderMapper.selectById   : ==> Parameters: 1880104997589422082(Long)
12:10:34:873 DEBUG 7448 --- [http-nio-8086-exec-4] c.h.p.mapper.PayOrderMapper.selectById   : <==      Total: 1
12:10:34:877 DEBUG 7448 --- [http-nio-8086-exec-4] com.hmall.api.client.UserClient          : [UserClient#deductMoney] ---> PUT http://user-service/users/money/deduct?pw=123&amount=733100 HTTP/1.1
12:10:34:877 DEBUG 7448 --- [http-nio-8086-exec-4] com.hmall.api.client.UserClient          : [UserClient#deductMoney] user-info: 1
12:10:34:877 DEBUG 7448 --- [http-nio-8086-exec-4] com.hmall.api.client.UserClient          : [UserClient#deductMoney] ---> END HTTP (0-byte body)
12:10:35:056 DEBUG 7448 --- [http-nio-8086-exec-4] com.hmall.api.client.UserClient          : [UserClient#deductMoney] <--- HTTP/1.1 200 (178ms)
12:10:35:056 DEBUG 7448 --- [http-nio-8086-exec-4] com.hmall.api.client.UserClient          : [UserClient#deductMoney] connection: keep-alive
12:10:35:056 DEBUG 7448 --- [http-nio-8086-exec-4] com.hmall.api.client.UserClient          : [UserClient#deductMoney] content-length: 0
12:10:35:056 DEBUG 7448 --- [http-nio-8086-exec-4] com.hmall.api.client.UserClient          : [UserClient#deductMoney] date: Fri, 17 Jan 2025 04:10:35 GMT
12:10:35:056 DEBUG 7448 --- [http-nio-8086-exec-4] com.hmall.api.client.UserClient          : [UserClient#deductMoney] keep-alive: timeout=60
12:10:35:056 DEBUG 7448 --- [http-nio-8086-exec-4] com.hmall.api.client.UserClient          : [UserClient#deductMoney] 
12:10:35:056 DEBUG 7448 --- [http-nio-8086-exec-4] com.hmall.api.client.UserClient          : [UserClient#deductMoney] <--- END HTTP (0-byte body)
12:10:35:062 DEBUG 7448 --- [http-nio-8086-exec-4] c.h.pay.mapper.PayOrderMapper.update     : ==>  Preparing: UPDATE pay_order SET status=?,pay_success_time=? WHERE (id = ? AND status IN (?,?))
12:10:35:063 DEBUG 7448 --- [http-nio-8086-exec-4] c.h.pay.mapper.PayOrderMapper.update     : ==> Parameters: 3(Integer), 2025-01-17T12:10:35.057674300(LocalDateTime), 1880104997589422082(Long), 0(Integer), 1(Integer)
12:10:35:068 DEBUG 7448 --- [http-nio-8086-exec-4] c.h.pay.mapper.PayOrderMapper.update     : <==    Updates: 1
12:10:35:073  INFO 7448 --- [http-nio-8086-exec-4] o.s.a.r.c.CachingConnectionFactory       : Attempting to connect to: [192.168.63.128:5672]
12:10:35:193  INFO 7448 --- [http-nio-8086-exec-4] o.s.a.r.c.CachingConnectionFactory       : Created new connection: rabbitConnectionFactory#4e4d0a0b:0/SimpleConnection@1668f [delegate=amqp://hmall@192.168.63.128:5672//hmall, localPort= 60604]
12:10:35:479  INFO 7448 --- [nacos-grpc-client-executor-313] com.alibaba.nacos.common.remote.client   : [5af007f5-05f3-4ceb-8633-9dffff83b51a] Receive server push request, request = NotifySubscriberRequest, requestId = 47
12:10:35:480  INFO 7448 --- [nacos-grpc-client-executor-313] com.alibaba.nacos.common.remote.client   : [5af007f5-05f3-4ceb-8633-9dffff83b51a] Ack server push request, request = NotifySubscriberRequest, requestId = 47
12:13:17:965 DEBUG 7448 --- [http-nio-8086-exec-7] c.h.pay.mapper.PayOrderMapper.selectOne  : ==>  Preparing: SELECT id,biz_order_no,pay_order_no,biz_user_id,pay_channel_code,amount,pay_type,status,expand_json,result_code,result_msg,pay_success_time,pay_over_time,qr_code_url,create_time,update_time,creater,updater,is_delete FROM pay_order WHERE (biz_order_no = ?)
12:13:17:966 DEBUG 7448 --- [http-nio-8086-exec-7] c.h.pay.mapper.PayOrderMapper.selectOne  : ==> Parameters: 1880106091712851969(Long)
12:13:17:967 DEBUG 7448 --- [http-nio-8086-exec-7] c.h.pay.mapper.PayOrderMapper.selectOne  : <==      Total: 0
12:13:17:969 DEBUG 7448 --- [http-nio-8086-exec-7] c.h.pay.mapper.PayOrderMapper.insert     : ==>  Preparing: INSERT INTO pay_order ( id, biz_order_no, pay_order_no, biz_user_id, pay_channel_code, amount, pay_type, status, pay_over_time ) VALUES ( ?, ?, ?, ?, ?, ?, ?, ?, ? )
12:13:17:969 DEBUG 7448 --- [http-nio-8086-exec-7] c.h.pay.mapper.PayOrderMapper.insert     : ==> Parameters: 1880106093242290179(Long), 1880106091712851969(Long), 1880106093242290178(Long), 1(Long), balance(String), 368800(Integer), 5(Integer), 1(Integer), 2025-01-17T14:13:17.968887(LocalDateTime)
12:13:17:973 DEBUG 7448 --- [http-nio-8086-exec-7] c.h.pay.mapper.PayOrderMapper.insert     : <==    Updates: 1
12:13:28:826 DEBUG 7448 --- [http-nio-8086-exec-8] c.h.p.mapper.PayOrderMapper.selectById   : ==>  Preparing: SELECT id,biz_order_no,pay_order_no,biz_user_id,pay_channel_code,amount,pay_type,status,expand_json,result_code,result_msg,pay_success_time,pay_over_time,qr_code_url,create_time,update_time,creater,updater,is_delete FROM pay_order WHERE id=?
12:13:28:826 DEBUG 7448 --- [http-nio-8086-exec-8] c.h.p.mapper.PayOrderMapper.selectById   : ==> Parameters: 1880106093242290179(Long)
12:13:28:828 DEBUG 7448 --- [http-nio-8086-exec-8] c.h.p.mapper.PayOrderMapper.selectById   : <==      Total: 1
12:13:28:829 DEBUG 7448 --- [http-nio-8086-exec-8] com.hmall.api.client.UserClient          : [UserClient#deductMoney] ---> PUT http://user-service/users/money/deduct?pw=123&amount=368800 HTTP/1.1
12:13:28:829 DEBUG 7448 --- [http-nio-8086-exec-8] com.hmall.api.client.UserClient          : [UserClient#deductMoney] user-info: 1
12:13:28:829 DEBUG 7448 --- [http-nio-8086-exec-8] com.hmall.api.client.UserClient          : [UserClient#deductMoney] ---> END HTTP (0-byte body)
12:13:28:907 DEBUG 7448 --- [http-nio-8086-exec-8] com.hmall.api.client.UserClient          : [UserClient#deductMoney] <--- HTTP/1.1 200 (79ms)
12:13:28:907 DEBUG 7448 --- [http-nio-8086-exec-8] com.hmall.api.client.UserClient          : [UserClient#deductMoney] connection: keep-alive
12:13:28:907 DEBUG 7448 --- [http-nio-8086-exec-8] com.hmall.api.client.UserClient          : [UserClient#deductMoney] content-length: 0
12:13:28:907 DEBUG 7448 --- [http-nio-8086-exec-8] com.hmall.api.client.UserClient          : [UserClient#deductMoney] date: Fri, 17 Jan 2025 04:13:28 GMT
12:13:28:907 DEBUG 7448 --- [http-nio-8086-exec-8] com.hmall.api.client.UserClient          : [UserClient#deductMoney] keep-alive: timeout=60
12:13:28:907 DEBUG 7448 --- [http-nio-8086-exec-8] com.hmall.api.client.UserClient          : [UserClient#deductMoney] 
12:13:28:909 DEBUG 7448 --- [http-nio-8086-exec-8] com.hmall.api.client.UserClient          : [UserClient#deductMoney] <--- END HTTP (0-byte body)
12:13:28:911 DEBUG 7448 --- [http-nio-8086-exec-8] c.h.pay.mapper.PayOrderMapper.update     : ==>  Preparing: UPDATE pay_order SET status=?,pay_success_time=? WHERE (id = ? AND status IN (?,?))
12:13:28:911 DEBUG 7448 --- [http-nio-8086-exec-8] c.h.pay.mapper.PayOrderMapper.update     : ==> Parameters: 3(Integer), 2025-01-17T12:13:28.909062700(LocalDateTime), 1880106093242290179(Long), 0(Integer), 1(Integer)
12:13:28:913 DEBUG 7448 --- [http-nio-8086-exec-8] c.h.pay.mapper.PayOrderMapper.update     : <==    Updates: 1
16:41:26:134  WARN 7448 --- [Thread-7] c.a.n.common.http.HttpClientBeanHolder   : [HttpClientBeanHolder] Start destroying common HttpClient
16:41:26:134  WARN 7448 --- [Thread-4] c.a.nacos.common.notify.NotifyCenter     : [NotifyCenter] Start destroying Publisher
16:41:26:141  WARN 7448 --- [Thread-4] c.a.nacos.common.notify.NotifyCenter     : [NotifyCenter] Destruction of the end
16:41:26:143  WARN 7448 --- [Thread-7] c.a.n.common.http.HttpClientBeanHolder   : [HttpClientBeanHolder] Destruction of the end
16:41:27:025  INFO 7448 --- [SpringApplicationShutdownHook] c.a.c.n.registry.NacosServiceRegistry    : De-registering from Nacos Server now...
16:41:27:034  INFO 7448 --- [SpringApplicationShutdownHook] c.a.c.n.registry.NacosServiceRegistry    : De-registration finished.
16:41:27:363  INFO 7448 --- [SpringApplicationShutdownHook] com.alibaba.nacos.common.remote.client   : Shutdown rpc client, set status to shutdown
16:41:27:363  INFO 7448 --- [SpringApplicationShutdownHook] com.alibaba.nacos.common.remote.client   : Shutdown client event executor java.util.concurrent.ScheduledThreadPoolExecutor@60fbd416[Running, pool size = 2, active threads = 2, queued tasks = 0, completed tasks = 0]
16:41:27:363  INFO 7448 --- [SpringApplicationShutdownHook] com.alibaba.nacos.common.remote.client   : Close current connection 1737085663337_192.168.63.1_58452
16:41:27:365  INFO 7448 --- [nacos-grpc-client-executor-3715] c.a.n.c.remote.client.grpc.GrpcClient    : [1737085663337_192.168.63.1_58452]Ignore complete event,isRunning:false,isAbandon=false
16:41:27:371  INFO 7448 --- [SpringApplicationShutdownHook] c.a.n.c.remote.client.grpc.GrpcClient    : Shutdown grpc executor java.util.concurrent.ThreadPoolExecutor@f39dc21[Running, pool size = 5, active threads = 0, queued tasks = 0, completed tasks = 3716]
16:41:27:377  INFO 7448 --- [SpringApplicationShutdownHook] com.zaxxer.hikari.HikariDataSource       : HikariPool-1 - Shutdown initiated...
16:41:27:409  INFO 7448 --- [SpringApplicationShutdownHook] com.zaxxer.hikari.HikariDataSource       : HikariPool-1 - Shutdown completed.
