11:24:23:204  INFO 25372 --- [main] com.hmall.gateway.GatewayApplication     : No active profile set, falling back to 1 default profile: "default"
11:24:23:597 ERROR 25372 --- [main] o.s.boot.SpringApplication               : Application run failed

java.lang.IllegalStateException: Error processing condition on org.springframework.boot.autoconfigure.jmx.JmxAutoConfiguration.mbeanExporter
	at org.springframework.boot.autoconfigure.condition.SpringBootCondition.matches(SpringBootCondition.java:60) ~[spring-boot-autoconfigure-2.7.12.jar:2.7.12]
	at org.springframework.context.annotation.ConditionEvaluator.shouldSkip(ConditionEvaluator.java:108) ~[spring-context-5.3.27.jar:5.3.27]
	at org.springframework.context.annotation.ConfigurationClassBeanDefinitionReader.loadBeanDefinitionsForBeanMethod(ConfigurationClassBeanDefinitionReader.java:193) ~[spring-context-5.3.27.jar:5.3.27]
	at org.springframework.context.annotation.ConfigurationClassBeanDefinitionReader.loadBeanDefinitionsForConfigurationClass(ConfigurationClassBeanDefinitionReader.java:153) ~[spring-context-5.3.27.jar:5.3.27]
	at org.springframework.context.annotation.ConfigurationClassBeanDefinitionReader.loadBeanDefinitions(ConfigurationClassBeanDefinitionReader.java:129) ~[spring-context-5.3.27.jar:5.3.27]
	at org.springframework.context.annotation.ConfigurationClassPostProcessor.processConfigBeanDefinitions(ConfigurationClassPostProcessor.java:343) ~[spring-context-5.3.27.jar:5.3.27]
	at org.springframework.context.annotation.ConfigurationClassPostProcessor.postProcessBeanDefinitionRegistry(ConfigurationClassPostProcessor.java:247) ~[spring-context-5.3.27.jar:5.3.27]
	at org.springframework.context.support.PostProcessorRegistrationDelegate.invokeBeanDefinitionRegistryPostProcessors(PostProcessorRegistrationDelegate.java:311) ~[spring-context-5.3.27.jar:5.3.27]
	at org.springframework.context.support.PostProcessorRegistrationDelegate.invokeBeanFactoryPostProcessors(PostProcessorRegistrationDelegate.java:112) ~[spring-context-5.3.27.jar:5.3.27]
	at org.springframework.context.support.AbstractApplicationContext.invokeBeanFactoryPostProcessors(AbstractApplicationContext.java:748) ~[spring-context-5.3.27.jar:5.3.27]
	at org.springframework.context.support.AbstractApplicationContext.refresh(AbstractApplicationContext.java:564) ~[spring-context-5.3.27.jar:5.3.27]
	at org.springframework.boot.web.reactive.context.ReactiveWebServerApplicationContext.refresh(ReactiveWebServerApplicationContext.java:66) ~[spring-boot-2.7.12.jar:2.7.12]
	at org.springframework.boot.SpringApplication.refresh(SpringApplication.java:731) ~[spring-boot-2.7.12.jar:2.7.12]
	at org.springframework.boot.SpringApplication.refreshContext(SpringApplication.java:408) ~[spring-boot-2.7.12.jar:2.7.12]
	at org.springframework.boot.SpringApplication.run(SpringApplication.java:307) ~[spring-boot-2.7.12.jar:2.7.12]
	at org.springframework.boot.SpringApplication.run(SpringApplication.java:1303) ~[spring-boot-2.7.12.jar:2.7.12]
	at org.springframework.boot.SpringApplication.run(SpringApplication.java:1292) ~[spring-boot-2.7.12.jar:2.7.12]
	at com.hmall.gateway.GatewayApplication.main(GatewayApplication.java:10) ~[classes/:na]
Caused by: java.lang.IllegalStateException: Failed to introspect Class [com.hmall.common.config.MqConfig] from ClassLoader [jdk.internal.loader.ClassLoaders$AppClassLoader@6ed3ef1]
	at org.springframework.util.ReflectionUtils.getDeclaredMethods(ReflectionUtils.java:485) ~[spring-core-5.3.27.jar:5.3.27]
	at org.springframework.util.ReflectionUtils.doWithMethods(ReflectionUtils.java:361) ~[spring-core-5.3.27.jar:5.3.27]
	at org.springframework.util.ReflectionUtils.getUniqueDeclaredMethods(ReflectionUtils.java:418) ~[spring-core-5.3.27.jar:5.3.27]
	at org.springframework.beans.factory.support.AbstractAutowireCapableBeanFactory.lambda$getTypeForFactoryMethod$2(AbstractAutowireCapableBeanFactory.java:765) ~[spring-beans-5.3.27.jar:5.3.27]
	at java.base/java.util.concurrent.ConcurrentHashMap.computeIfAbsent(ConcurrentHashMap.java:1737) ~[na:na]
	at org.springframework.beans.factory.support.AbstractAutowireCapableBeanFactory.getTypeForFactoryMethod(AbstractAutowireCapableBeanFactory.java:764) ~[spring-beans-5.3.27.jar:5.3.27]
	at org.springframework.beans.factory.support.AbstractAutowireCapableBeanFactory.determineTargetType(AbstractAutowireCapableBeanFactory.java:703) ~[spring-beans-5.3.27.jar:5.3.27]
	at org.springframework.beans.factory.support.AbstractAutowireCapableBeanFactory.predictBeanType(AbstractAutowireCapableBeanFactory.java:674) ~[spring-beans-5.3.27.jar:5.3.27]
	at org.springframework.beans.factory.support.AbstractBeanFactory.isFactoryBean(AbstractBeanFactory.java:1684) ~[spring-beans-5.3.27.jar:5.3.27]
	at org.springframework.beans.factory.support.DefaultListableBeanFactory.doGetBeanNamesForType(DefaultListableBeanFactory.java:570) ~[spring-beans-5.3.27.jar:5.3.27]
	at org.springframework.beans.factory.support.DefaultListableBeanFactory.getBeanNamesForType(DefaultListableBeanFactory.java:542) ~[spring-beans-5.3.27.jar:5.3.27]
	at org.springframework.boot.autoconfigure.condition.OnBeanCondition.collectBeanNamesForType(OnBeanCondition.java:246) ~[spring-boot-autoconfigure-2.7.12.jar:2.7.12]
	at org.springframework.boot.autoconfigure.condition.OnBeanCondition.getBeanNamesForType(OnBeanCondition.java:239) ~[spring-boot-autoconfigure-2.7.12.jar:2.7.12]
	at org.springframework.boot.autoconfigure.condition.OnBeanCondition.getBeanNamesForType(OnBeanCondition.java:229) ~[spring-boot-autoconfigure-2.7.12.jar:2.7.12]
	at org.springframework.boot.autoconfigure.condition.OnBeanCondition.getMatchingBeans(OnBeanCondition.java:182) ~[spring-boot-autoconfigure-2.7.12.jar:2.7.12]
	at org.springframework.boot.autoconfigure.condition.OnBeanCondition.getMatchOutcome(OnBeanCondition.java:157) ~[spring-boot-autoconfigure-2.7.12.jar:2.7.12]
	at org.springframework.boot.autoconfigure.condition.SpringBootCondition.matches(SpringBootCondition.java:47) ~[spring-boot-autoconfigure-2.7.12.jar:2.7.12]
	... 17 common frames omitted
Caused by: java.lang.NoClassDefFoundError: org/springframework/amqp/support/converter/MessageConverter
	at java.base/java.lang.Class.getDeclaredMethods0(Native Method) ~[na:na]
	at java.base/java.lang.Class.privateGetDeclaredMethods(Class.java:3166) ~[na:na]
	at java.base/java.lang.Class.getDeclaredMethods(Class.java:2309) ~[na:na]
	at org.springframework.util.ReflectionUtils.getDeclaredMethods(ReflectionUtils.java:467) ~[spring-core-5.3.27.jar:5.3.27]
	... 33 common frames omitted
Caused by: java.lang.ClassNotFoundException: org.springframework.amqp.support.converter.MessageConverter
	at java.base/jdk.internal.loader.BuiltinClassLoader.loadClass(BuiltinClassLoader.java:581) ~[na:na]
	at java.base/jdk.internal.loader.ClassLoaders$AppClassLoader.loadClass(ClassLoaders.java:178) ~[na:na]
	at java.base/java.lang.ClassLoader.loadClass(ClassLoader.java:527) ~[na:na]
	... 37 common frames omitted

11:24:23:599  WARN 25372 --- [main] o.s.boot.SpringApplication               : Unable to close ApplicationContext

java.lang.IllegalStateException: Failed to introspect Class [com.hmall.common.config.MqConfig] from ClassLoader [jdk.internal.loader.ClassLoaders$AppClassLoader@6ed3ef1]
	at org.springframework.util.ReflectionUtils.getDeclaredMethods(ReflectionUtils.java:485) ~[spring-core-5.3.27.jar:5.3.27]
	at org.springframework.util.ReflectionUtils.doWithMethods(ReflectionUtils.java:361) ~[spring-core-5.3.27.jar:5.3.27]
	at org.springframework.util.ReflectionUtils.getUniqueDeclaredMethods(ReflectionUtils.java:418) ~[spring-core-5.3.27.jar:5.3.27]
	at org.springframework.beans.factory.support.AbstractAutowireCapableBeanFactory.lambda$getTypeForFactoryMethod$2(AbstractAutowireCapableBeanFactory.java:765) ~[spring-beans-5.3.27.jar:5.3.27]
	at java.base/java.util.concurrent.ConcurrentHashMap.computeIfAbsent(ConcurrentHashMap.java:1737) ~[na:na]
	at org.springframework.beans.factory.support.AbstractAutowireCapableBeanFactory.getTypeForFactoryMethod(AbstractAutowireCapableBeanFactory.java:764) ~[spring-beans-5.3.27.jar:5.3.27]
	at org.springframework.beans.factory.support.AbstractAutowireCapableBeanFactory.determineTargetType(AbstractAutowireCapableBeanFactory.java:703) ~[spring-beans-5.3.27.jar:5.3.27]
	at org.springframework.beans.factory.support.AbstractAutowireCapableBeanFactory.predictBeanType(AbstractAutowireCapableBeanFactory.java:674) ~[spring-beans-5.3.27.jar:5.3.27]
	at org.springframework.beans.factory.support.AbstractBeanFactory.isFactoryBean(AbstractBeanFactory.java:1684) ~[spring-beans-5.3.27.jar:5.3.27]
	at org.springframework.beans.factory.support.DefaultListableBeanFactory.doGetBeanNamesForType(DefaultListableBeanFactory.java:570) ~[spring-beans-5.3.27.jar:5.3.27]
	at org.springframework.beans.factory.support.DefaultListableBeanFactory.getBeanNamesForType(DefaultListableBeanFactory.java:542) ~[spring-beans-5.3.27.jar:5.3.27]
	at org.springframework.beans.factory.support.DefaultListableBeanFactory.getBeansOfType(DefaultListableBeanFactory.java:669) ~[spring-beans-5.3.27.jar:5.3.27]
	at org.springframework.beans.factory.support.DefaultListableBeanFactory.getBeansOfType(DefaultListableBeanFactory.java:661) ~[spring-beans-5.3.27.jar:5.3.27]
	at org.springframework.context.support.AbstractApplicationContext.getBeansOfType(AbstractApplicationContext.java:1302) ~[spring-context-5.3.27.jar:5.3.27]
	at org.springframework.boot.SpringApplication.getExitCodeFromMappedException(SpringApplication.java:864) ~[spring-boot-2.7.12.jar:2.7.12]
	at org.springframework.boot.SpringApplication.getExitCodeFromException(SpringApplication.java:852) ~[spring-boot-2.7.12.jar:2.7.12]
	at org.springframework.boot.SpringApplication.handleExitCode(SpringApplication.java:839) ~[spring-boot-2.7.12.jar:2.7.12]
	at org.springframework.boot.SpringApplication.handleRunFailure(SpringApplication.java:779) ~[spring-boot-2.7.12.jar:2.7.12]
	at org.springframework.boot.SpringApplication.run(SpringApplication.java:317) ~[spring-boot-2.7.12.jar:2.7.12]
	at org.springframework.boot.SpringApplication.run(SpringApplication.java:1303) ~[spring-boot-2.7.12.jar:2.7.12]
	at org.springframework.boot.SpringApplication.run(SpringApplication.java:1292) ~[spring-boot-2.7.12.jar:2.7.12]
	at com.hmall.gateway.GatewayApplication.main(GatewayApplication.java:10) ~[classes/:na]
Caused by: java.lang.NoClassDefFoundError: org/springframework/amqp/support/converter/MessageConverter
	at java.base/java.lang.Class.getDeclaredMethods0(Native Method) ~[na:na]
	at java.base/java.lang.Class.privateGetDeclaredMethods(Class.java:3166) ~[na:na]
	at java.base/java.lang.Class.getDeclaredMethods(Class.java:2309) ~[na:na]
	at org.springframework.util.ReflectionUtils.getDeclaredMethods(ReflectionUtils.java:467) ~[spring-core-5.3.27.jar:5.3.27]
	... 21 common frames omitted
Caused by: java.lang.ClassNotFoundException: org.springframework.amqp.support.converter.MessageConverter
	at java.base/jdk.internal.loader.BuiltinClassLoader.loadClass(BuiltinClassLoader.java:581) ~[na:na]
	at java.base/jdk.internal.loader.ClassLoaders$AppClassLoader.loadClass(ClassLoaders.java:178) ~[na:na]
	at java.base/java.lang.ClassLoader.loadClass(ClassLoader.java:527) ~[na:na]
	... 25 common frames omitted

11:24:23:600  WARN 25372 --- [Thread-1] c.a.n.common.http.HttpClientBeanHolder   : [HttpClientBeanHolder] Start destroying common HttpClient
11:24:23:600  WARN 25372 --- [Thread-5] c.a.nacos.common.notify.NotifyCenter     : [NotifyCenter] Start destroying Publisher
11:24:23:601  WARN 25372 --- [Thread-5] c.a.nacos.common.notify.NotifyCenter     : [NotifyCenter] Destruction of the end
11:29:45:344  INFO 19424 --- [main] com.hmall.gateway.GatewayApplication     : No active profile set, falling back to 1 default profile: "default"
11:29:45:736  INFO 19424 --- [main] o.s.cloud.context.scope.GenericScope     : BeanFactory id=5562f402-57f8-359c-83d6-619135b6649e
11:29:45:766  INFO 19424 --- [main] trationDelegate$BeanPostProcessorChecker : Bean 'org.springframework.cloud.client.loadbalancer.reactive.LoadBalancerBeanPostProcessorAutoConfiguration' of type [org.springframework.cloud.client.loadbalancer.reactive.LoadBalancerBeanPostProcessorAutoConfiguration] is not eligible for getting processed by all BeanPostProcessors (for example: not eligible for auto-proxying)
11:29:45:767  INFO 19424 --- [main] trationDelegate$BeanPostProcessorChecker : Bean 'org.springframework.cloud.client.loadbalancer.reactive.LoadBalancerBeanPostProcessorAutoConfiguration$ReactorDeferringLoadBalancerFilterConfig' of type [org.springframework.cloud.client.loadbalancer.reactive.LoadBalancerBeanPostProcessorAutoConfiguration$ReactorDeferringLoadBalancerFilterConfig] is not eligible for getting processed by all BeanPostProcessors (for example: not eligible for auto-proxying)
11:29:45:768  INFO 19424 --- [main] trationDelegate$BeanPostProcessorChecker : Bean 'reactorDeferringLoadBalancerExchangeFilterFunction' of type [org.springframework.cloud.client.loadbalancer.reactive.DeferringLoadBalancerExchangeFilterFunction] is not eligible for getting processed by all BeanPostProcessors (for example: not eligible for auto-proxying)
11:29:46:183 DEBUG 19424 --- [main] c.h.gateway.routers.DynamicRouteLoader   : 监听到路由配置变更，[
    {
        "id": "item",
        "predicates": [{
            "name": "Path",
            "args": {"_genkey_0":"/items/**", "_genkey_1":"/search/**"}
        }],
        "filters": [],
        "uri": "lb://item-service"
    },
    {
        "id": "cart",
        "predicates": [{
            "name": "Path",
            "args": {"_genkey_0":"/carts/**"}
        }],
        "filters": [],
        "uri": "lb://cart-service"
    },
    {
        "id": "user",
        "predicates": [{
            "name": "Path",
            "args": {"_genkey_0":"/users/**", "_genkey_1":"/addresses/**"}
        }],
        "filters": [],
        "uri": "lb://user-service"
    },
    {
        "id": "trade",
        "predicates": [{
            "name": "Path",
            "args": {"_genkey_0":"/orders/**"}
        }],
        "filters": [],
        "uri": "lb://trade-service"
    },
    {
        "id": "pay",
        "predicates": [{
            "name": "Path",
            "args": {"_genkey_0":"/pay-orders/**"}
        }],
        "filters": [],
        "uri": "lb://pay-service"
    }
]
11:29:47:328  INFO 19424 --- [main] o.s.c.g.r.RouteDefinitionRouteLocator    : Loaded RoutePredicateFactory [After]
11:29:47:328  INFO 19424 --- [main] o.s.c.g.r.RouteDefinitionRouteLocator    : Loaded RoutePredicateFactory [Before]
11:29:47:329  INFO 19424 --- [main] o.s.c.g.r.RouteDefinitionRouteLocator    : Loaded RoutePredicateFactory [Between]
11:29:47:329  INFO 19424 --- [main] o.s.c.g.r.RouteDefinitionRouteLocator    : Loaded RoutePredicateFactory [Cookie]
11:29:47:329  INFO 19424 --- [main] o.s.c.g.r.RouteDefinitionRouteLocator    : Loaded RoutePredicateFactory [Header]
11:29:47:329  INFO 19424 --- [main] o.s.c.g.r.RouteDefinitionRouteLocator    : Loaded RoutePredicateFactory [Host]
11:29:47:329  INFO 19424 --- [main] o.s.c.g.r.RouteDefinitionRouteLocator    : Loaded RoutePredicateFactory [Method]
11:29:47:329  INFO 19424 --- [main] o.s.c.g.r.RouteDefinitionRouteLocator    : Loaded RoutePredicateFactory [Path]
11:29:47:329  INFO 19424 --- [main] o.s.c.g.r.RouteDefinitionRouteLocator    : Loaded RoutePredicateFactory [Query]
11:29:47:329  INFO 19424 --- [main] o.s.c.g.r.RouteDefinitionRouteLocator    : Loaded RoutePredicateFactory [ReadBody]
11:29:47:329  INFO 19424 --- [main] o.s.c.g.r.RouteDefinitionRouteLocator    : Loaded RoutePredicateFactory [RemoteAddr]
11:29:47:329  INFO 19424 --- [main] o.s.c.g.r.RouteDefinitionRouteLocator    : Loaded RoutePredicateFactory [XForwardedRemoteAddr]
11:29:47:329  INFO 19424 --- [main] o.s.c.g.r.RouteDefinitionRouteLocator    : Loaded RoutePredicateFactory [Weight]
11:29:47:329  INFO 19424 --- [main] o.s.c.g.r.RouteDefinitionRouteLocator    : Loaded RoutePredicateFactory [CloudFoundryRouteService]
11:29:48:268  INFO 19424 --- [main] com.alibaba.nacos.common.remote.client   : [RpcClientFactory] create a new rpc client of c1aa54ee-2ab2-4fe1-bc32-36968389797c
11:29:48:268  INFO 19424 --- [main] com.alibaba.nacos.common.remote.client   : [c1aa54ee-2ab2-4fe1-bc32-36968389797c] RpcClient init label, labels = {module=naming, source=sdk}
11:29:48:269  INFO 19424 --- [main] com.alibaba.nacos.common.remote.client   : [c1aa54ee-2ab2-4fe1-bc32-36968389797c] RpcClient init, ServerListFactory = com.alibaba.nacos.client.naming.core.ServerListManager
11:29:48:270  INFO 19424 --- [main] com.alibaba.nacos.common.remote.client   : [c1aa54ee-2ab2-4fe1-bc32-36968389797c] Registry connection listener to current client:com.alibaba.nacos.client.naming.remote.gprc.redo.NamingGrpcRedoService
11:29:48:270  INFO 19424 --- [main] com.alibaba.nacos.common.remote.client   : [c1aa54ee-2ab2-4fe1-bc32-36968389797c] Register server push request handler:com.alibaba.nacos.client.naming.remote.gprc.NamingPushRequestHandler
11:29:48:270  INFO 19424 --- [main] com.alibaba.nacos.common.remote.client   : [c1aa54ee-2ab2-4fe1-bc32-36968389797c] Try to connect to server on start up, server: {serverIp = '192.168.63.128', server main port = 8848}
11:29:48:396  INFO 19424 --- [main] com.alibaba.nacos.common.remote.client   : [c1aa54ee-2ab2-4fe1-bc32-36968389797c] Success to connect to server [192.168.63.128:8848] on start up, connectionId = 1737084587461_192.168.63.1_60640
11:29:48:396  INFO 19424 --- [main] com.alibaba.nacos.common.remote.client   : [c1aa54ee-2ab2-4fe1-bc32-36968389797c] Register server push request handler:com.alibaba.nacos.common.remote.client.RpcClient$ConnectResetRequestHandler
11:29:48:396  INFO 19424 --- [main] com.alibaba.nacos.common.remote.client   : [c1aa54ee-2ab2-4fe1-bc32-36968389797c] Register server push request handler:com.alibaba.nacos.common.remote.client.RpcClient$$Lambda$462/0x0000000800445840
11:29:48:396  INFO 19424 --- [com.alibaba.nacos.client.remote.worker] com.alibaba.nacos.common.remote.client   : [c1aa54ee-2ab2-4fe1-bc32-36968389797c] Notify connected event to listeners.
11:29:49:024  INFO 19424 --- [main] o.s.b.web.embedded.netty.NettyWebServer  : Netty started on port 8080
11:29:49:080  INFO 19424 --- [nacos-grpc-client-executor-7] com.alibaba.nacos.common.remote.client   : [c1aa54ee-2ab2-4fe1-bc32-36968389797c] Receive server push request, request = NotifySubscriberRequest, requestId = 1
11:29:49:087  INFO 19424 --- [nacos-grpc-client-executor-7] com.alibaba.nacos.common.remote.client   : [c1aa54ee-2ab2-4fe1-bc32-36968389797c] Ack server push request, request = NotifySubscriberRequest, requestId = 1
11:29:50:085  INFO 19424 --- [main] c.a.c.n.registry.NacosServiceRegistry    : nacos registry, DEFAULT_GROUP gateway 192.168.226.1:8080 register finished
11:29:50:096  INFO 19424 --- [main] com.hmall.gateway.GatewayApplication     : Started GatewayApplication in 7.889 seconds (JVM running for 8.655)
11:29:50:099  INFO 19424 --- [main] c.a.c.n.refresh.NacosContextRefresher    : [Nacos Config] Listening config: dataId=gateway.yaml, group=DEFAULT_GROUP
11:29:50:100  INFO 19424 --- [main] c.a.c.n.refresh.NacosContextRefresher    : [Nacos Config] Listening config: dataId=gateway, group=DEFAULT_GROUP
11:29:50:615  INFO 19424 --- [nacos-grpc-client-executor-12] com.alibaba.nacos.common.remote.client   : [c1aa54ee-2ab2-4fe1-bc32-36968389797c] Receive server push request, request = NotifySubscriberRequest, requestId = 2
11:29:50:626  INFO 19424 --- [nacos-grpc-client-executor-12] com.alibaba.nacos.common.remote.client   : [c1aa54ee-2ab2-4fe1-bc32-36968389797c] Ack server push request, request = NotifySubscriberRequest, requestId = 2
11:51:34:993  WARN 19424 --- [Thread-5] c.a.nacos.common.notify.NotifyCenter     : [NotifyCenter] Start destroying Publisher
11:51:34:993  WARN 19424 --- [Thread-1] c.a.n.common.http.HttpClientBeanHolder   : [HttpClientBeanHolder] Start destroying common HttpClient
11:51:34:994  WARN 19424 --- [Thread-5] c.a.nacos.common.notify.NotifyCenter     : [NotifyCenter] Destruction of the end
11:51:34:995  WARN 19424 --- [Thread-1] c.a.n.common.http.HttpClientBeanHolder   : [HttpClientBeanHolder] Destruction of the end
11:51:35:025  INFO 19424 --- [SpringApplicationShutdownHook] c.a.c.n.registry.NacosServiceRegistry    : De-registering from Nacos Server now...
11:51:35:048  INFO 19424 --- [SpringApplicationShutdownHook] c.a.c.n.registry.NacosServiceRegistry    : De-registration finished.
11:51:35:378  INFO 19424 --- [SpringApplicationShutdownHook] com.alibaba.nacos.common.remote.client   : Shutdown rpc client, set status to shutdown
11:51:35:378  INFO 19424 --- [SpringApplicationShutdownHook] com.alibaba.nacos.common.remote.client   : Shutdown client event executor java.util.concurrent.ScheduledThreadPoolExecutor@16f5ecc9[Running, pool size = 2, active threads = 2, queued tasks = 0, completed tasks = 0]
11:51:35:378  INFO 19424 --- [SpringApplicationShutdownHook] com.alibaba.nacos.common.remote.client   : Close current connection 1737084587461_192.168.63.1_60640
11:51:35:383  INFO 19424 --- [SpringApplicationShutdownHook] c.a.n.c.remote.client.grpc.GrpcClient    : Shutdown grpc executor java.util.concurrent.ThreadPoolExecutor@668b9ec1[Running, pool size = 4, active threads = 0, queued tasks = 0, completed tasks = 306]
11:51:42:520  INFO 28108 --- [main] com.hmall.gateway.GatewayApplication     : No active profile set, falling back to 1 default profile: "default"
11:51:42:872  INFO 28108 --- [main] o.s.cloud.context.scope.GenericScope     : BeanFactory id=5562f402-57f8-359c-83d6-619135b6649e
11:51:42:901  INFO 28108 --- [main] trationDelegate$BeanPostProcessorChecker : Bean 'org.springframework.cloud.client.loadbalancer.reactive.LoadBalancerBeanPostProcessorAutoConfiguration' of type [org.springframework.cloud.client.loadbalancer.reactive.LoadBalancerBeanPostProcessorAutoConfiguration] is not eligible for getting processed by all BeanPostProcessors (for example: not eligible for auto-proxying)
11:51:42:902  INFO 28108 --- [main] trationDelegate$BeanPostProcessorChecker : Bean 'org.springframework.cloud.client.loadbalancer.reactive.LoadBalancerBeanPostProcessorAutoConfiguration$ReactorDeferringLoadBalancerFilterConfig' of type [org.springframework.cloud.client.loadbalancer.reactive.LoadBalancerBeanPostProcessorAutoConfiguration$ReactorDeferringLoadBalancerFilterConfig] is not eligible for getting processed by all BeanPostProcessors (for example: not eligible for auto-proxying)
11:51:42:903  INFO 28108 --- [main] trationDelegate$BeanPostProcessorChecker : Bean 'reactorDeferringLoadBalancerExchangeFilterFunction' of type [org.springframework.cloud.client.loadbalancer.reactive.DeferringLoadBalancerExchangeFilterFunction] is not eligible for getting processed by all BeanPostProcessors (for example: not eligible for auto-proxying)
11:51:43:243 DEBUG 28108 --- [main] c.h.gateway.routers.DynamicRouteLoader   : 监听到路由配置变更，[
    {
        "id": "item",
        "predicates": [{
            "name": "Path",
            "args": {"_genkey_0":"/items/**", "_genkey_1":"/search/**"}
        }],
        "filters": [],
        "uri": "lb://item-service"
    },
    {
        "id": "cart",
        "predicates": [{
            "name": "Path",
            "args": {"_genkey_0":"/carts/**"}
        }],
        "filters": [],
        "uri": "lb://cart-service"
    },
    {
        "id": "user",
        "predicates": [{
            "name": "Path",
            "args": {"_genkey_0":"/users/**", "_genkey_1":"/addresses/**"}
        }],
        "filters": [],
        "uri": "lb://user-service"
    },
    {
        "id": "trade",
        "predicates": [{
            "name": "Path",
            "args": {"_genkey_0":"/orders/**"}
        }],
        "filters": [],
        "uri": "lb://trade-service"
    },
    {
        "id": "pay",
        "predicates": [{
            "name": "Path",
            "args": {"_genkey_0":"/pay-orders/**"}
        }],
        "filters": [],
        "uri": "lb://pay-service"
    }
]
11:51:44:387  INFO 28108 --- [main] o.s.c.g.r.RouteDefinitionRouteLocator    : Loaded RoutePredicateFactory [After]
11:51:44:387  INFO 28108 --- [main] o.s.c.g.r.RouteDefinitionRouteLocator    : Loaded RoutePredicateFactory [Before]
11:51:44:387  INFO 28108 --- [main] o.s.c.g.r.RouteDefinitionRouteLocator    : Loaded RoutePredicateFactory [Between]
11:51:44:387  INFO 28108 --- [main] o.s.c.g.r.RouteDefinitionRouteLocator    : Loaded RoutePredicateFactory [Cookie]
11:51:44:387  INFO 28108 --- [main] o.s.c.g.r.RouteDefinitionRouteLocator    : Loaded RoutePredicateFactory [Header]
11:51:44:387  INFO 28108 --- [main] o.s.c.g.r.RouteDefinitionRouteLocator    : Loaded RoutePredicateFactory [Host]
11:51:44:387  INFO 28108 --- [main] o.s.c.g.r.RouteDefinitionRouteLocator    : Loaded RoutePredicateFactory [Method]
11:51:44:387  INFO 28108 --- [main] o.s.c.g.r.RouteDefinitionRouteLocator    : Loaded RoutePredicateFactory [Path]
11:51:44:387  INFO 28108 --- [main] o.s.c.g.r.RouteDefinitionRouteLocator    : Loaded RoutePredicateFactory [Query]
11:51:44:387  INFO 28108 --- [main] o.s.c.g.r.RouteDefinitionRouteLocator    : Loaded RoutePredicateFactory [ReadBody]
11:51:44:387  INFO 28108 --- [main] o.s.c.g.r.RouteDefinitionRouteLocator    : Loaded RoutePredicateFactory [RemoteAddr]
11:51:44:387  INFO 28108 --- [main] o.s.c.g.r.RouteDefinitionRouteLocator    : Loaded RoutePredicateFactory [XForwardedRemoteAddr]
11:51:44:387  INFO 28108 --- [main] o.s.c.g.r.RouteDefinitionRouteLocator    : Loaded RoutePredicateFactory [Weight]
11:51:44:387  INFO 28108 --- [main] o.s.c.g.r.RouteDefinitionRouteLocator    : Loaded RoutePredicateFactory [CloudFoundryRouteService]
11:51:45:200  INFO 28108 --- [main] com.alibaba.nacos.common.remote.client   : [RpcClientFactory] create a new rpc client of 6af721ed-d96c-41b7-9cbd-25086301baa6
11:51:45:200  INFO 28108 --- [main] com.alibaba.nacos.common.remote.client   : [6af721ed-d96c-41b7-9cbd-25086301baa6] RpcClient init label, labels = {module=naming, source=sdk}
11:51:45:202  INFO 28108 --- [main] com.alibaba.nacos.common.remote.client   : [6af721ed-d96c-41b7-9cbd-25086301baa6] RpcClient init, ServerListFactory = com.alibaba.nacos.client.naming.core.ServerListManager
11:51:45:202  INFO 28108 --- [main] com.alibaba.nacos.common.remote.client   : [6af721ed-d96c-41b7-9cbd-25086301baa6] Registry connection listener to current client:com.alibaba.nacos.client.naming.remote.gprc.redo.NamingGrpcRedoService
11:51:45:202  INFO 28108 --- [main] com.alibaba.nacos.common.remote.client   : [6af721ed-d96c-41b7-9cbd-25086301baa6] Register server push request handler:com.alibaba.nacos.client.naming.remote.gprc.NamingPushRequestHandler
11:51:45:202  INFO 28108 --- [main] com.alibaba.nacos.common.remote.client   : [6af721ed-d96c-41b7-9cbd-25086301baa6] Try to connect to server on start up, server: {serverIp = '192.168.63.128', server main port = 8848}
11:51:45:724  INFO 28108 --- [main] com.alibaba.nacos.common.remote.client   : [6af721ed-d96c-41b7-9cbd-25086301baa6] Success to connect to server [192.168.63.128:8848] on start up, connectionId = 1737085904755_192.168.63.1_59031
11:51:45:724  INFO 28108 --- [main] com.alibaba.nacos.common.remote.client   : [6af721ed-d96c-41b7-9cbd-25086301baa6] Register server push request handler:com.alibaba.nacos.common.remote.client.RpcClient$ConnectResetRequestHandler
11:51:45:724  INFO 28108 --- [main] com.alibaba.nacos.common.remote.client   : [6af721ed-d96c-41b7-9cbd-25086301baa6] Register server push request handler:com.alibaba.nacos.common.remote.client.RpcClient$$Lambda$462/0x000000080044d840
11:51:45:724  INFO 28108 --- [com.alibaba.nacos.client.remote.worker] com.alibaba.nacos.common.remote.client   : [6af721ed-d96c-41b7-9cbd-25086301baa6] Notify connected event to listeners.
11:51:46:162  INFO 28108 --- [main] o.s.b.web.embedded.netty.NettyWebServer  : Netty started on port 8080
11:51:46:324  INFO 28108 --- [nacos-grpc-client-executor-5] com.alibaba.nacos.common.remote.client   : [6af721ed-d96c-41b7-9cbd-25086301baa6] Receive server push request, request = NotifySubscriberRequest, requestId = 14
11:51:46:334  INFO 28108 --- [nacos-grpc-client-executor-5] com.alibaba.nacos.common.remote.client   : [6af721ed-d96c-41b7-9cbd-25086301baa6] Ack server push request, request = NotifySubscriberRequest, requestId = 14
11:51:47:165  INFO 28108 --- [main] c.a.c.n.registry.NacosServiceRegistry    : nacos registry, DEFAULT_GROUP gateway 192.168.226.1:8080 register finished
11:51:47:178  INFO 28108 --- [main] com.hmall.gateway.GatewayApplication     : Started GatewayApplication in 7.682 seconds (JVM running for 8.498)
11:51:47:180  INFO 28108 --- [main] c.a.c.n.refresh.NacosContextRefresher    : [Nacos Config] Listening config: dataId=gateway.yaml, group=DEFAULT_GROUP
11:51:47:181  INFO 28108 --- [main] c.a.c.n.refresh.NacosContextRefresher    : [Nacos Config] Listening config: dataId=gateway, group=DEFAULT_GROUP
11:51:47:667  INFO 28108 --- [nacos-grpc-client-executor-8] com.alibaba.nacos.common.remote.client   : [6af721ed-d96c-41b7-9cbd-25086301baa6] Receive server push request, request = NotifySubscriberRequest, requestId = 15
11:51:47:677  INFO 28108 --- [nacos-grpc-client-executor-8] com.alibaba.nacos.common.remote.client   : [6af721ed-d96c-41b7-9cbd-25086301baa6] Ack server push request, request = NotifySubscriberRequest, requestId = 15
11:52:04:040  INFO 28108 --- [nacos-grpc-client-executor-15] com.alibaba.nacos.common.remote.client   : [6af721ed-d96c-41b7-9cbd-25086301baa6] Receive server push request, request = NotifySubscriberRequest, requestId = 16
11:52:04:041  INFO 28108 --- [nacos-grpc-client-executor-15] com.alibaba.nacos.common.remote.client   : [6af721ed-d96c-41b7-9cbd-25086301baa6] Ack server push request, request = NotifySubscriberRequest, requestId = 16
11:52:38:026  INFO 28108 --- [nacos-grpc-client-executor-27] com.alibaba.nacos.common.remote.client   : [6af721ed-d96c-41b7-9cbd-25086301baa6] Receive server push request, request = NotifySubscriberRequest, requestId = 17
11:52:38:028  INFO 28108 --- [nacos-grpc-client-executor-27] com.alibaba.nacos.common.remote.client   : [6af721ed-d96c-41b7-9cbd-25086301baa6] Ack server push request, request = NotifySubscriberRequest, requestId = 17
11:52:46:637  INFO 28108 --- [nacos-grpc-client-executor-31] com.alibaba.nacos.common.remote.client   : [6af721ed-d96c-41b7-9cbd-25086301baa6] Receive server push request, request = NotifySubscriberRequest, requestId = 18
11:52:46:637  INFO 28108 --- [nacos-grpc-client-executor-31] com.alibaba.nacos.common.remote.client   : [6af721ed-d96c-41b7-9cbd-25086301baa6] Ack server push request, request = NotifySubscriberRequest, requestId = 18
11:53:06:638  INFO 28108 --- [nacos-grpc-client-executor-37] com.alibaba.nacos.common.remote.client   : [6af721ed-d96c-41b7-9cbd-25086301baa6] Receive server push request, request = NotifySubscriberRequest, requestId = 19
11:53:06:650  INFO 28108 --- [nacos-grpc-client-executor-37] com.alibaba.nacos.common.remote.client   : [6af721ed-d96c-41b7-9cbd-25086301baa6] Ack server push request, request = NotifySubscriberRequest, requestId = 19
11:53:17:771  INFO 28108 --- [nacos-grpc-client-executor-39] com.alibaba.nacos.common.remote.client   : [6af721ed-d96c-41b7-9cbd-25086301baa6] Receive server push request, request = NotifySubscriberRequest, requestId = 21
11:53:17:781  INFO 28108 --- [nacos-grpc-client-executor-39] com.alibaba.nacos.common.remote.client   : [6af721ed-d96c-41b7-9cbd-25086301baa6] Ack server push request, request = NotifySubscriberRequest, requestId = 21
11:53:24:886  INFO 28108 --- [nacos-grpc-client-executor-40] com.alibaba.nacos.common.remote.client   : [6af721ed-d96c-41b7-9cbd-25086301baa6] Receive server push request, request = NotifySubscriberRequest, requestId = 23
11:53:24:896  INFO 28108 --- [nacos-grpc-client-executor-40] com.alibaba.nacos.common.remote.client   : [6af721ed-d96c-41b7-9cbd-25086301baa6] Ack server push request, request = NotifySubscriberRequest, requestId = 23
11:53:33:508  INFO 28108 --- [nacos-grpc-client-executor-42] com.alibaba.nacos.common.remote.client   : [6af721ed-d96c-41b7-9cbd-25086301baa6] Receive server push request, request = NotifySubscriberRequest, requestId = 25
11:53:33:518  INFO 28108 --- [nacos-grpc-client-executor-42] com.alibaba.nacos.common.remote.client   : [6af721ed-d96c-41b7-9cbd-25086301baa6] Ack server push request, request = NotifySubscriberRequest, requestId = 25
11:53:34:626  INFO 28108 --- [nacos-grpc-client-executor-43] com.alibaba.nacos.common.remote.client   : [6af721ed-d96c-41b7-9cbd-25086301baa6] Receive server push request, request = NotifySubscriberRequest, requestId = 26
11:53:34:635  INFO 28108 --- [nacos-grpc-client-executor-43] com.alibaba.nacos.common.remote.client   : [6af721ed-d96c-41b7-9cbd-25086301baa6] Ack server push request, request = NotifySubscriberRequest, requestId = 26
11:53:45:656  INFO 28108 --- [nacos-grpc-client-executor-48] com.alibaba.nacos.common.remote.client   : [6af721ed-d96c-41b7-9cbd-25086301baa6] Receive server push request, request = NotifySubscriberRequest, requestId = 29
11:53:45:672  INFO 28108 --- [nacos-grpc-client-executor-48] com.alibaba.nacos.common.remote.client   : [6af721ed-d96c-41b7-9cbd-25086301baa6] Ack server push request, request = NotifySubscriberRequest, requestId = 29
11:55:42:202  INFO 28108 --- [nacos-grpc-client-executor-73] com.alibaba.nacos.common.remote.client   : [6af721ed-d96c-41b7-9cbd-25086301baa6] Receive server push request, request = NotifySubscriberRequest, requestId = 32
11:55:42:213  INFO 28108 --- [nacos-grpc-client-executor-73] com.alibaba.nacos.common.remote.client   : [6af721ed-d96c-41b7-9cbd-25086301baa6] Ack server push request, request = NotifySubscriberRequest, requestId = 32
11:55:48:536  INFO 28108 --- [nacos-grpc-client-executor-75] com.alibaba.nacos.common.remote.client   : [6af721ed-d96c-41b7-9cbd-25086301baa6] Receive server push request, request = NotifySubscriberRequest, requestId = 36
11:55:48:545  INFO 28108 --- [nacos-grpc-client-executor-75] com.alibaba.nacos.common.remote.client   : [6af721ed-d96c-41b7-9cbd-25086301baa6] Ack server push request, request = NotifySubscriberRequest, requestId = 36
11:55:52:546  INFO 28108 --- [nacos-grpc-client-executor-77] com.alibaba.nacos.common.remote.client   : [6af721ed-d96c-41b7-9cbd-25086301baa6] Receive server push request, request = NotifySubscriberRequest, requestId = 39
11:55:52:558  INFO 28108 --- [nacos-grpc-client-executor-77] com.alibaba.nacos.common.remote.client   : [6af721ed-d96c-41b7-9cbd-25086301baa6] Ack server push request, request = NotifySubscriberRequest, requestId = 39
12:06:20:307  INFO 28108 --- [nacos-grpc-client-executor-225] com.alibaba.nacos.common.remote.client   : [6af721ed-d96c-41b7-9cbd-25086301baa6] Receive server push request, request = NotifySubscriberRequest, requestId = 43
12:06:20:307  INFO 28108 --- [nacos-grpc-client-executor-225] com.alibaba.nacos.common.remote.client   : [6af721ed-d96c-41b7-9cbd-25086301baa6] Ack server push request, request = NotifySubscriberRequest, requestId = 43
12:08:56:556  INFO 28108 --- [nacos-grpc-client-executor-263] com.alibaba.nacos.common.remote.client   : [6af721ed-d96c-41b7-9cbd-25086301baa6] Receive server push request, request = NotifySubscriberRequest, requestId = 46
12:08:56:557  INFO 28108 --- [nacos-grpc-client-executor-263] com.alibaba.nacos.common.remote.client   : [6af721ed-d96c-41b7-9cbd-25086301baa6] Ack server push request, request = NotifySubscriberRequest, requestId = 46
16:41:26:289  WARN 28108 --- [Thread-5] c.a.nacos.common.notify.NotifyCenter     : [NotifyCenter] Start destroying Publisher
16:41:26:289  WARN 28108 --- [Thread-1] c.a.n.common.http.HttpClientBeanHolder   : [HttpClientBeanHolder] Start destroying common HttpClient
16:41:26:297  WARN 28108 --- [Thread-5] c.a.nacos.common.notify.NotifyCenter     : [NotifyCenter] Destruction of the end
16:41:26:300  WARN 28108 --- [Thread-1] c.a.n.common.http.HttpClientBeanHolder   : [HttpClientBeanHolder] Destruction of the end
16:41:26:444  INFO 28108 --- [SpringApplicationShutdownHook] c.a.c.n.registry.NacosServiceRegistry    : De-registering from Nacos Server now...
16:41:26:491  INFO 28108 --- [SpringApplicationShutdownHook] c.a.c.n.registry.NacosServiceRegistry    : De-registration finished.
16:41:26:819  INFO 28108 --- [SpringApplicationShutdownHook] com.alibaba.nacos.common.remote.client   : Shutdown rpc client, set status to shutdown
16:41:26:819  INFO 28108 --- [SpringApplicationShutdownHook] com.alibaba.nacos.common.remote.client   : Shutdown client event executor java.util.concurrent.ScheduledThreadPoolExecutor@41061c89[Running, pool size = 2, active threads = 2, queued tasks = 0, completed tasks = 0]
16:41:26:819  INFO 28108 --- [SpringApplicationShutdownHook] com.alibaba.nacos.common.remote.client   : Close current connection 1737085904755_192.168.63.1_59031
16:41:26:829  INFO 28108 --- [nacos-grpc-client-executor-3984] c.a.n.c.remote.client.grpc.GrpcClient    : [1737085904755_192.168.63.1_59031]Ignore complete event,isRunning:false,isAbandon=false
16:41:26:835  INFO 28108 --- [SpringApplicationShutdownHook] c.a.n.c.remote.client.grpc.GrpcClient    : Shutdown grpc executor java.util.concurrent.ThreadPoolExecutor@13ef065f[Running, pool size = 5, active threads = 0, queued tasks = 0, completed tasks = 3985]
