11:33:15:036  INFO 26400 --- [main] com.hmall.user.UserApplication           : Starting UserApplication using Java 11.0.25 on LAPTOP-PJMO0GD8 with PID 26400 (E:\docker资料\资料\hmall\user-service\target\classes started by Lenovo in E:\docker资料\资料\hmall)
11:33:15:038 DEBUG 26400 --- [main] com.hmall.user.UserApplication           : Running with Spring Boot v2.7.12, Spring v5.3.27
11:33:15:039  INFO 26400 --- [main] com.hmall.user.UserApplication           : The following 1 profile is active: "local"
11:33:15:554  INFO 26400 --- [main] .s.d.r.c.RepositoryConfigurationDelegate : Multiple Spring Data modules found, entering strict repository configuration mode
11:33:15:556  INFO 26400 --- [main] .s.d.r.c.RepositoryConfigurationDelegate : Bootstrapping Spring Data Redis repositories in DEFAULT mode.
11:33:15:571  INFO 26400 --- [main] .s.d.r.c.RepositoryConfigurationDelegate : Finished Spring Data repository scanning in 6 ms. Found 0 Redis repository interfaces.
11:33:15:699  INFO 26400 --- [main] o.s.cloud.context.scope.GenericScope     : BeanFactory id=6b6f278d-68dd-3685-bbc9-d51abd2ad781
11:33:15:907  INFO 26400 --- [main] o.s.b.w.embedded.tomcat.TomcatWebServer  : Tomcat initialized with port(s): 8084 (http)
11:33:15:912  INFO 26400 --- [main] o.apache.catalina.core.StandardService   : Starting service [Tomcat]
11:33:15:912  INFO 26400 --- [main] org.apache.catalina.core.StandardEngine  : Starting Servlet engine: [Apache Tomcat/9.0.75]
11:33:16:008  INFO 26400 --- [main] o.a.c.c.C.[Tomcat].[localhost].[/]       : Initializing Spring embedded WebApplicationContext
11:33:16:008  INFO 26400 --- [main] w.s.c.ServletWebServerApplicationContext : Root WebApplicationContext: initialization completed in 942 ms
11:33:17:742  INFO 26400 --- [main] pertySourcedRequestMappingHandlerMapping : Mapped URL path [/v2/api-docs] onto method [springfox.documentation.swagger2.web.Swagger2ControllerWebMvc#getDocumentation(String, HttpServletRequest)]
11:33:18:674  INFO 26400 --- [main] com.alibaba.nacos.common.remote.client   : [RpcClientFactory] create a new rpc client of cf49249b-7c78-41a0-bea4-9df8206e8759
11:33:18:701  INFO 26400 --- [main] org.reflections.Reflections              : Reflections took 16 ms to scan 1 urls, producing 3 keys and 6 values 
11:33:18:717  INFO 26400 --- [main] org.reflections.Reflections              : Reflections took 6 ms to scan 1 urls, producing 4 keys and 9 values 
11:33:18:723  INFO 26400 --- [main] org.reflections.Reflections              : Reflections took 3 ms to scan 1 urls, producing 3 keys and 10 values 
11:33:18:725  WARN 26400 --- [main] org.reflections.Reflections              : given scan urls are empty. set urls in the configuration
11:33:18:729  INFO 26400 --- [main] org.reflections.Reflections              : Reflections took 3 ms to scan 1 urls, producing 1 keys and 5 values 
11:33:18:735  INFO 26400 --- [main] org.reflections.Reflections              : Reflections took 4 ms to scan 1 urls, producing 1 keys and 7 values 
11:33:18:741  INFO 26400 --- [main] org.reflections.Reflections              : Reflections took 4 ms to scan 1 urls, producing 2 keys and 8 values 
11:33:18:743  WARN 26400 --- [main] org.reflections.Reflections              : given scan urls are empty. set urls in the configuration
11:33:18:743  INFO 26400 --- [main] com.alibaba.nacos.common.remote.client   : [cf49249b-7c78-41a0-bea4-9df8206e8759] RpcClient init label, labels = {module=naming, source=sdk}
11:33:18:745  INFO 26400 --- [main] com.alibaba.nacos.common.remote.client   : [cf49249b-7c78-41a0-bea4-9df8206e8759] RpcClient init, ServerListFactory = com.alibaba.nacos.client.naming.core.ServerListManager
11:33:18:745  INFO 26400 --- [main] com.alibaba.nacos.common.remote.client   : [cf49249b-7c78-41a0-bea4-9df8206e8759] Registry connection listener to current client:com.alibaba.nacos.client.naming.remote.gprc.redo.NamingGrpcRedoService
11:33:18:745  INFO 26400 --- [main] com.alibaba.nacos.common.remote.client   : [cf49249b-7c78-41a0-bea4-9df8206e8759] Register server push request handler:com.alibaba.nacos.client.naming.remote.gprc.NamingPushRequestHandler
11:33:18:751  INFO 26400 --- [main] com.alibaba.nacos.common.remote.client   : [cf49249b-7c78-41a0-bea4-9df8206e8759] Try to connect to server on start up, server: {serverIp = '192.168.63.128', server main port = 8848}
11:33:20:531  INFO 26400 --- [main] com.alibaba.nacos.common.remote.client   : [cf49249b-7c78-41a0-bea4-9df8206e8759] Success to connect to server [192.168.63.128:8848] on start up, connectionId = 1737084799525_192.168.63.1_61295
11:33:20:531  INFO 26400 --- [com.alibaba.nacos.client.remote.worker] com.alibaba.nacos.common.remote.client   : [cf49249b-7c78-41a0-bea4-9df8206e8759] Notify connected event to listeners.
11:33:20:532  INFO 26400 --- [main] com.alibaba.nacos.common.remote.client   : [cf49249b-7c78-41a0-bea4-9df8206e8759] Register server push request handler:com.alibaba.nacos.common.remote.client.RpcClient$ConnectResetRequestHandler
11:33:20:532  INFO 26400 --- [main] com.alibaba.nacos.common.remote.client   : [cf49249b-7c78-41a0-bea4-9df8206e8759] Register server push request handler:com.alibaba.nacos.common.remote.client.RpcClient$$Lambda$1182/0x0000000800854040
11:33:20:587  INFO 26400 --- [main] o.s.b.w.embedded.tomcat.TomcatWebServer  : Tomcat started on port(s): 8084 (http) with context path ''
11:33:20:598  INFO 26400 --- [main] c.a.c.n.registry.NacosServiceRegistry    : nacos registry, DEFAULT_GROUP user-service 192.168.226.1:8084 register finished
11:33:21:077  INFO 26400 --- [nacos-grpc-client-executor-10] com.alibaba.nacos.common.remote.client   : [cf49249b-7c78-41a0-bea4-9df8206e8759] Receive server push request, request = NotifySubscriberRequest, requestId = 9
11:33:21:089  INFO 26400 --- [nacos-grpc-client-executor-10] com.alibaba.nacos.common.remote.client   : [cf49249b-7c78-41a0-bea4-9df8206e8759] Ack server push request, request = NotifySubscriberRequest, requestId = 9
11:33:21:121  INFO 26400 --- [main] d.s.w.p.DocumentationPluginsBootstrapper : Documentation plugins bootstrapped
11:33:21:124  INFO 26400 --- [main] d.s.w.p.DocumentationPluginsBootstrapper : Found 1 custom documentation plugin(s)
11:33:21:138  INFO 26400 --- [main] s.d.s.w.s.ApiListingReferenceScanner     : Scanning for api listing references
11:33:21:210  INFO 26400 --- [main] com.hmall.user.UserApplication           : Started UserApplication in 7.042 seconds (JVM running for 7.835)
11:52:03:663  INFO 26400 --- [http-nio-8084-exec-3] o.a.c.c.C.[Tomcat].[localhost].[/]       : Initializing Spring DispatcherServlet 'dispatcherServlet'
11:52:03:663  INFO 26400 --- [http-nio-8084-exec-3] o.s.web.servlet.DispatcherServlet        : Initializing Servlet 'dispatcherServlet'
11:52:03:678  INFO 26400 --- [http-nio-8084-exec-3] o.s.web.servlet.DispatcherServlet        : Completed initialization in 15 ms
11:52:03:914  INFO 26400 --- [http-nio-8084-exec-3] com.zaxxer.hikari.HikariDataSource       : HikariPool-1 - Starting...
11:52:04:214  INFO 26400 --- [http-nio-8084-exec-3] com.zaxxer.hikari.HikariDataSource       : HikariPool-1 - Start completed.
11:52:04:223 DEBUG 26400 --- [http-nio-8084-exec-3] c.h.user.mapper.UserMapper.selectOne     : ==>  Preparing: SELECT id,username,password,phone,create_time,update_time,status,balance FROM user WHERE (username = ?)
11:52:04:249 DEBUG 26400 --- [http-nio-8084-exec-3] c.h.user.mapper.UserMapper.selectOne     : ==> Parameters: jack(String)
11:52:04:327 DEBUG 26400 --- [http-nio-8084-exec-3] c.h.user.mapper.UserMapper.selectOne     : <==      Total: 1
11:52:12:439 DEBUG 26400 --- [http-nio-8084-exec-2] c.h.user.mapper.UserMapper.selectOne     : ==>  Preparing: SELECT id,username,password,phone,create_time,update_time,status,balance FROM user WHERE (username = ?)
11:52:12:439 DEBUG 26400 --- [http-nio-8084-exec-2] c.h.user.mapper.UserMapper.selectOne     : ==> Parameters: jack(String)
11:52:12:454 DEBUG 26400 --- [http-nio-8084-exec-2] c.h.user.mapper.UserMapper.selectOne     : <==      Total: 1
11:53:22:016  WARN 26400 --- [Thread-7] c.a.n.common.http.HttpClientBeanHolder   : [HttpClientBeanHolder] Start destroying common HttpClient
11:53:22:016  WARN 26400 --- [Thread-4] c.a.nacos.common.notify.NotifyCenter     : [NotifyCenter] Start destroying Publisher
11:53:22:017  WARN 26400 --- [Thread-4] c.a.nacos.common.notify.NotifyCenter     : [NotifyCenter] Destruction of the end
11:53:22:017  WARN 26400 --- [Thread-7] c.a.n.common.http.HttpClientBeanHolder   : [HttpClientBeanHolder] Destruction of the end
11:53:24:369  INFO 26400 --- [SpringApplicationShutdownHook] c.a.c.n.registry.NacosServiceRegistry    : De-registering from Nacos Server now...
11:53:24:373  INFO 26400 --- [SpringApplicationShutdownHook] c.a.c.n.registry.NacosServiceRegistry    : De-registration finished.
11:53:24:697  INFO 26400 --- [SpringApplicationShutdownHook] com.alibaba.nacos.common.remote.client   : Shutdown rpc client, set status to shutdown
11:53:24:698  INFO 26400 --- [SpringApplicationShutdownHook] com.alibaba.nacos.common.remote.client   : Shutdown client event executor java.util.concurrent.ScheduledThreadPoolExecutor@76d6ed30[Running, pool size = 2, active threads = 2, queued tasks = 0, completed tasks = 0]
11:53:24:698  INFO 26400 --- [SpringApplicationShutdownHook] com.alibaba.nacos.common.remote.client   : Close current connection 1737084799525_192.168.63.1_61295
11:53:24:700  INFO 26400 --- [nacos-grpc-client-executor-279] c.a.n.c.remote.client.grpc.GrpcClient    : [1737084799525_192.168.63.1_61295]Ignore complete event,isRunning:false,isAbandon=false
11:53:24:703  INFO 26400 --- [SpringApplicationShutdownHook] c.a.n.c.remote.client.grpc.GrpcClient    : Shutdown grpc executor java.util.concurrent.ThreadPoolExecutor@6b34af3d[Running, pool size = 7, active threads = 0, queued tasks = 0, completed tasks = 280]
11:53:24:708  INFO 26400 --- [SpringApplicationShutdownHook] com.zaxxer.hikari.HikariDataSource       : HikariPool-1 - Shutdown initiated...
11:53:24:718  INFO 26400 --- [SpringApplicationShutdownHook] com.zaxxer.hikari.HikariDataSource       : HikariPool-1 - Shutdown completed.
11:53:27:792  INFO 23880 --- [main] com.hmall.user.UserApplication           : Starting UserApplication using Java 11.0.25 on LAPTOP-PJMO0GD8 with PID 23880 (E:\docker资料\资料\hmall\user-service\target\classes started by Lenovo in E:\docker资料\资料\hmall)
11:53:27:793 DEBUG 23880 --- [main] com.hmall.user.UserApplication           : Running with Spring Boot v2.7.12, Spring v5.3.27
11:53:27:794  INFO 23880 --- [main] com.hmall.user.UserApplication           : The following 1 profile is active: "local"
11:53:28:314  INFO 23880 --- [main] .s.d.r.c.RepositoryConfigurationDelegate : Multiple Spring Data modules found, entering strict repository configuration mode
11:53:28:315  INFO 23880 --- [main] .s.d.r.c.RepositoryConfigurationDelegate : Bootstrapping Spring Data Redis repositories in DEFAULT mode.
11:53:28:328  INFO 23880 --- [main] .s.d.r.c.RepositoryConfigurationDelegate : Finished Spring Data repository scanning in 6 ms. Found 0 Redis repository interfaces.
11:53:28:450  INFO 23880 --- [main] o.s.cloud.context.scope.GenericScope     : BeanFactory id=6b6f278d-68dd-3685-bbc9-d51abd2ad781
11:53:28:670  INFO 23880 --- [main] o.s.b.w.embedded.tomcat.TomcatWebServer  : Tomcat initialized with port(s): 8084 (http)
11:53:28:675  INFO 23880 --- [main] o.apache.catalina.core.StandardService   : Starting service [Tomcat]
11:53:28:676  INFO 23880 --- [main] org.apache.catalina.core.StandardEngine  : Starting Servlet engine: [Apache Tomcat/9.0.75]
11:53:28:772  INFO 23880 --- [main] o.a.c.c.C.[Tomcat].[localhost].[/]       : Initializing Spring embedded WebApplicationContext
11:53:28:772  INFO 23880 --- [main] w.s.c.ServletWebServerApplicationContext : Root WebApplicationContext: initialization completed in 953 ms
11:53:30:531  INFO 23880 --- [main] pertySourcedRequestMappingHandlerMapping : Mapped URL path [/v2/api-docs] onto method [springfox.documentation.swagger2.web.Swagger2ControllerWebMvc#getDocumentation(String, HttpServletRequest)]
11:53:31:385  INFO 23880 --- [main] com.alibaba.nacos.common.remote.client   : [RpcClientFactory] create a new rpc client of cea258a9-5fb7-4d90-8478-18eeb8614170
11:53:31:410  INFO 23880 --- [main] org.reflections.Reflections              : Reflections took 14 ms to scan 1 urls, producing 3 keys and 6 values 
11:53:31:424  INFO 23880 --- [main] org.reflections.Reflections              : Reflections took 6 ms to scan 1 urls, producing 4 keys and 9 values 
11:53:31:430  INFO 23880 --- [main] org.reflections.Reflections              : Reflections took 4 ms to scan 1 urls, producing 3 keys and 10 values 
11:53:31:431  WARN 23880 --- [main] org.reflections.Reflections              : given scan urls are empty. set urls in the configuration
11:53:31:435  INFO 23880 --- [main] org.reflections.Reflections              : Reflections took 3 ms to scan 1 urls, producing 1 keys and 5 values 
11:53:31:447  INFO 23880 --- [main] org.reflections.Reflections              : Reflections took 10 ms to scan 1 urls, producing 1 keys and 7 values 
11:53:31:455  INFO 23880 --- [main] org.reflections.Reflections              : Reflections took 6 ms to scan 1 urls, producing 2 keys and 8 values 
11:53:31:457  WARN 23880 --- [main] org.reflections.Reflections              : given scan urls are empty. set urls in the configuration
11:53:31:457  INFO 23880 --- [main] com.alibaba.nacos.common.remote.client   : [cea258a9-5fb7-4d90-8478-18eeb8614170] RpcClient init label, labels = {module=naming, source=sdk}
11:53:31:459  INFO 23880 --- [main] com.alibaba.nacos.common.remote.client   : [cea258a9-5fb7-4d90-8478-18eeb8614170] RpcClient init, ServerListFactory = com.alibaba.nacos.client.naming.core.ServerListManager
11:53:31:459  INFO 23880 --- [main] com.alibaba.nacos.common.remote.client   : [cea258a9-5fb7-4d90-8478-18eeb8614170] Registry connection listener to current client:com.alibaba.nacos.client.naming.remote.gprc.redo.NamingGrpcRedoService
11:53:31:459  INFO 23880 --- [main] com.alibaba.nacos.common.remote.client   : [cea258a9-5fb7-4d90-8478-18eeb8614170] Register server push request handler:com.alibaba.nacos.client.naming.remote.gprc.NamingPushRequestHandler
11:53:31:460  INFO 23880 --- [main] com.alibaba.nacos.common.remote.client   : [cea258a9-5fb7-4d90-8478-18eeb8614170] Try to connect to server on start up, server: {serverIp = '192.168.63.128', server main port = 8848}
11:53:32:983  INFO 23880 --- [main] com.alibaba.nacos.common.remote.client   : [cea258a9-5fb7-4d90-8478-18eeb8614170] Success to connect to server [192.168.63.128:8848] on start up, connectionId = 1737086011966_192.168.63.1_59387
11:53:32:983  INFO 23880 --- [com.alibaba.nacos.client.remote.worker] com.alibaba.nacos.common.remote.client   : [cea258a9-5fb7-4d90-8478-18eeb8614170] Notify connected event to listeners.
11:53:32:984  INFO 23880 --- [main] com.alibaba.nacos.common.remote.client   : [cea258a9-5fb7-4d90-8478-18eeb8614170] Register server push request handler:com.alibaba.nacos.common.remote.client.RpcClient$ConnectResetRequestHandler
11:53:32:985  INFO 23880 --- [main] com.alibaba.nacos.common.remote.client   : [cea258a9-5fb7-4d90-8478-18eeb8614170] Register server push request handler:com.alibaba.nacos.common.remote.client.RpcClient$$Lambda$1182/0x0000000800853840
11:53:33:026  INFO 23880 --- [main] o.s.b.w.embedded.tomcat.TomcatWebServer  : Tomcat started on port(s): 8084 (http) with context path ''
11:53:33:051  INFO 23880 --- [main] c.a.c.n.registry.NacosServiceRegistry    : nacos registry, DEFAULT_GROUP user-service 192.168.226.1:8084 register finished
11:53:33:490  INFO 23880 --- [main] d.s.w.p.DocumentationPluginsBootstrapper : Documentation plugins bootstrapped
11:53:33:493  INFO 23880 --- [main] d.s.w.p.DocumentationPluginsBootstrapper : Found 1 custom documentation plugin(s)
11:53:33:505  INFO 23880 --- [main] s.d.s.w.s.ApiListingReferenceScanner     : Scanning for api listing references
11:53:33:515  INFO 23880 --- [nacos-grpc-client-executor-8] com.alibaba.nacos.common.remote.client   : [cea258a9-5fb7-4d90-8478-18eeb8614170] Receive server push request, request = NotifySubscriberRequest, requestId = 24
11:53:33:518  INFO 23880 --- [nacos-grpc-client-executor-8] com.alibaba.nacos.common.remote.client   : [cea258a9-5fb7-4d90-8478-18eeb8614170] Ack server push request, request = NotifySubscriberRequest, requestId = 24
11:53:33:567  INFO 23880 --- [main] com.hmall.user.UserApplication           : Started UserApplication in 6.673 seconds (JVM running for 7.563)
11:54:27:748  INFO 23880 --- [http-nio-8084-exec-1] o.a.c.c.C.[Tomcat].[localhost].[/]       : Initializing Spring DispatcherServlet 'dispatcherServlet'
11:54:27:748  INFO 23880 --- [http-nio-8084-exec-1] o.s.web.servlet.DispatcherServlet        : Initializing Servlet 'dispatcherServlet'
11:54:27:748  INFO 23880 --- [http-nio-8084-exec-1] o.s.web.servlet.DispatcherServlet        : Completed initialization in 0 ms
11:54:27:918  INFO 23880 --- [http-nio-8084-exec-1] com.zaxxer.hikari.HikariDataSource       : HikariPool-1 - Starting...
11:54:28:164  INFO 23880 --- [http-nio-8084-exec-1] com.zaxxer.hikari.HikariDataSource       : HikariPool-1 - Start completed.
11:54:28:164 DEBUG 23880 --- [http-nio-8084-exec-1] c.h.user.mapper.UserMapper.selectOne     : ==>  Preparing: SELECT id,username,password,phone,create_time,update_time,status,balance FROM user WHERE (username = ?)
11:54:28:192 DEBUG 23880 --- [http-nio-8084-exec-1] c.h.user.mapper.UserMapper.selectOne     : ==> Parameters: jack(String)
11:54:28:225 DEBUG 23880 --- [http-nio-8084-exec-1] c.h.user.mapper.UserMapper.selectOne     : <==      Total: 1
12:05:42:943 DEBUG 23880 --- [http-nio-8084-exec-2] c.h.user.mapper.UserMapper.selectOne     : ==>  Preparing: SELECT id,username,password,phone,create_time,update_time,status,balance FROM user WHERE (username = ?)
12:05:42:944 DEBUG 23880 --- [http-nio-8084-exec-2] c.h.user.mapper.UserMapper.selectOne     : ==> Parameters: jack(String)
12:05:42:981 DEBUG 23880 --- [http-nio-8084-exec-2] c.h.user.mapper.UserMapper.selectOne     : <==      Total: 1
12:06:16:912 DEBUG 23880 --- [http-nio-8084-exec-4] c.h.u.mapper.AddressMapper.selectList    : ==>  Preparing: SELECT id,user_id,province,city,town,mobile,street,contact,is_default,notes FROM address WHERE (user_id = ?)
12:06:16:912 DEBUG 23880 --- [http-nio-8084-exec-4] c.h.u.mapper.AddressMapper.selectList    : ==> Parameters: 1(Long)
12:06:17:021 DEBUG 23880 --- [http-nio-8084-exec-4] c.h.u.mapper.AddressMapper.selectList    : <==      Total: 4
12:10:34:980  INFO 23880 --- [http-nio-8084-exec-6] c.h.user.service.impl.UserServiceImpl    : 开始扣款
12:10:34:981 DEBUG 23880 --- [http-nio-8084-exec-6] c.h.user.mapper.UserMapper.selectById    : ==>  Preparing: SELECT id,username,password,phone,create_time,update_time,status,balance FROM user WHERE id=?
12:10:34:982 DEBUG 23880 --- [http-nio-8084-exec-6] c.h.user.mapper.UserMapper.selectById    : ==> Parameters: 1(Long)
12:10:34:985 DEBUG 23880 --- [http-nio-8084-exec-6] c.h.user.mapper.UserMapper.selectById    : <==      Total: 1
12:10:35:046 DEBUG 23880 --- [http-nio-8084-exec-6] c.h.user.mapper.UserMapper.updateMoney   : ==>  Preparing: update user set balance = balance - 733100 where id = ?
12:10:35:047 DEBUG 23880 --- [http-nio-8084-exec-6] c.h.user.mapper.UserMapper.updateMoney   : ==> Parameters: 1(Long)
12:10:35:051 DEBUG 23880 --- [http-nio-8084-exec-6] c.h.user.mapper.UserMapper.updateMoney   : <==    Updates: 1
12:10:35:052  INFO 23880 --- [http-nio-8084-exec-6] c.h.user.service.impl.UserServiceImpl    : 扣款成功
12:13:16:070 DEBUG 23880 --- [http-nio-8084-exec-10] c.h.u.mapper.AddressMapper.selectList    : ==>  Preparing: SELECT id,user_id,province,city,town,mobile,street,contact,is_default,notes FROM address WHERE (user_id = ?)
12:13:16:071 DEBUG 23880 --- [http-nio-8084-exec-10] c.h.u.mapper.AddressMapper.selectList    : ==> Parameters: 1(Long)
12:13:16:079 DEBUG 23880 --- [http-nio-8084-exec-10] c.h.u.mapper.AddressMapper.selectList    : <==      Total: 4
12:13:28:833  INFO 23880 --- [http-nio-8084-exec-9] c.h.user.service.impl.UserServiceImpl    : 开始扣款
12:13:28:834 DEBUG 23880 --- [http-nio-8084-exec-9] c.h.user.mapper.UserMapper.selectById    : ==>  Preparing: SELECT id,username,password,phone,create_time,update_time,status,balance FROM user WHERE id=?
12:13:28:835 DEBUG 23880 --- [http-nio-8084-exec-9] c.h.user.mapper.UserMapper.selectById    : ==> Parameters: 1(Long)
12:13:28:841 DEBUG 23880 --- [http-nio-8084-exec-9] c.h.user.mapper.UserMapper.selectById    : <==      Total: 1
12:13:28:903 DEBUG 23880 --- [http-nio-8084-exec-9] c.h.user.mapper.UserMapper.updateMoney   : ==>  Preparing: update user set balance = balance - 368800 where id = ?
12:13:28:903 DEBUG 23880 --- [http-nio-8084-exec-9] c.h.user.mapper.UserMapper.updateMoney   : ==> Parameters: 1(Long)
12:13:28:906 DEBUG 23880 --- [http-nio-8084-exec-9] c.h.user.mapper.UserMapper.updateMoney   : <==    Updates: 1
12:13:28:906  INFO 23880 --- [http-nio-8084-exec-9] c.h.user.service.impl.UserServiceImpl    : 扣款成功
16:41:26:168  WARN 23880 --- [Thread-4] c.a.nacos.common.notify.NotifyCenter     : [NotifyCenter] Start destroying Publisher
16:41:26:168  WARN 23880 --- [Thread-7] c.a.n.common.http.HttpClientBeanHolder   : [HttpClientBeanHolder] Start destroying common HttpClient
16:41:26:173  WARN 23880 --- [Thread-4] c.a.nacos.common.notify.NotifyCenter     : [NotifyCenter] Destruction of the end
16:41:26:176  WARN 23880 --- [Thread-7] c.a.n.common.http.HttpClientBeanHolder   : [HttpClientBeanHolder] Destruction of the end
16:41:27:136  INFO 23880 --- [SpringApplicationShutdownHook] c.a.c.n.registry.NacosServiceRegistry    : De-registering from Nacos Server now...
16:41:27:143  INFO 23880 --- [SpringApplicationShutdownHook] c.a.c.n.registry.NacosServiceRegistry    : De-registration finished.
16:41:27:471  INFO 23880 --- [SpringApplicationShutdownHook] com.alibaba.nacos.common.remote.client   : Shutdown rpc client, set status to shutdown
16:41:27:472  INFO 23880 --- [SpringApplicationShutdownHook] com.alibaba.nacos.common.remote.client   : Shutdown client event executor java.util.concurrent.ScheduledThreadPoolExecutor@67556274[Running, pool size = 2, active threads = 2, queued tasks = 0, completed tasks = 0]
16:41:27:472  INFO 23880 --- [SpringApplicationShutdownHook] com.alibaba.nacos.common.remote.client   : Close current connection 1737086011966_192.168.63.1_59387
16:41:27:476  INFO 23880 --- [nacos-grpc-client-executor-3626] c.a.n.c.remote.client.grpc.GrpcClient    : [1737086011966_192.168.63.1_59387]Ignore complete event,isRunning:false,isAbandon=false
16:41:27:480  INFO 23880 --- [SpringApplicationShutdownHook] c.a.n.c.remote.client.grpc.GrpcClient    : Shutdown grpc executor java.util.concurrent.ThreadPoolExecutor@540ab50a[Running, pool size = 5, active threads = 0, queued tasks = 0, completed tasks = 3627]
16:41:27:502  INFO 23880 --- [SpringApplicationShutdownHook] com.zaxxer.hikari.HikariDataSource       : HikariPool-1 - Shutdown initiated...
16:41:27:559  INFO 23880 --- [SpringApplicationShutdownHook] com.zaxxer.hikari.HikariDataSource       : HikariPool-1 - Shutdown completed.
